---------------------------------------------------------------
[ 2019-04-12T10:25:31+08:00 ] 127.0.0.1 GET www.xiaofang.com/
[运行时间：2.836162s] [吞吐率：0.35req/s] [内存消耗：2,674.82kb] [文件加载：56]
[ info ] [ LANG ] D:\Project\xiaofang\thinkphp\lang\zh-cn.php
[ info ] [ DB ] INIT mysql
[ info ] [ ROUTE ] array (
  'type' => 'module',
  'module' => 
  array (
    0 => '',
    1 => NULL,
    2 => NULL,
  ),
)
[ info ] [ HEADER ] array (
  'host' => 'www.xiaofang.com',
  'connection' => 'keep-alive',
  'upgrade-insecure-requests' => '1',
  'user-agent' => 'Mozilla/5.0 (Windows NT 6.1; WOW64) AppleWebKit/537.36 (KHTML, like Gecko) Chrome/72.0.3626.121 Safari/537.36',
  'accept' => 'text/html,application/xhtml+xml,application/xml;q=0.9,image/webp,image/apng,*/*;q=0.8',
  'accept-encoding' => 'gzip, deflate',
  'accept-language' => 'zh-CN,zh;q=0.9,en;q=0.8',
)
[ info ] [ PARAM ] array (
)
[ info ] [ SESSION ] INIT array (
  'id' => '',
  'var_session_id' => '',
  'prefix' => 'think',
  'type' => '',
  'auto_start' => true,
)
[ info ] [ LOG ] INIT File
[ sql ] [ DB ] CONNECT:[ UseTime:0.447025s ] mysql:host=127.0.0.1;port=3306;dbname=xiaofang;charset=utf8
[ sql ] [ SQL ] SHOW COLUMNS FROM `tplay_urlconfig` [ RunTime:0.069003s ]
[ sql ] [ SQL ] SELECT `aliases`,`url` FROM `tplay_urlconfig` WHERE  `status` = 1 [ RunTime:0.000000s ]
[ sql ] [ SQL ] SHOW COLUMNS FROM `tplay_webconfig` [ RunTime:0.020001s ]
[ sql ] [ SQL ] SELECT `black_ip` FROM `tplay_webconfig` WHERE  `web` = 'web' LIMIT 1 [ RunTime:0.001001s ]
---------------------------------------------------------------
[ 2019-04-12T10:25:31+08:00 ] 127.0.0.1 GET www.xiaofang.com/admin/common/login.shtml
[运行时间：0.198011s] [吞吐率：5.05req/s] [内存消耗：2,695.46kb] [文件加载：55]
[ info ] [ LANG ] D:\Project\xiaofang\thinkphp\lang\zh-cn.php
[ info ] [ DB ] INIT mysql
[ info ] [ ROUTE ] array (
  'type' => 'module',
  'module' => 
  array (
    0 => 'admin',
    1 => 'common',
    2 => 'login',
  ),
)
[ info ] [ HEADER ] array (
  'host' => 'www.xiaofang.com',
  'connection' => 'keep-alive',
  'upgrade-insecure-requests' => '1',
  'user-agent' => 'Mozilla/5.0 (Windows NT 6.1; WOW64) AppleWebKit/537.36 (KHTML, like Gecko) Chrome/72.0.3626.121 Safari/537.36',
  'accept' => 'text/html,application/xhtml+xml,application/xml;q=0.9,image/webp,image/apng,*/*;q=0.8',
  'accept-encoding' => 'gzip, deflate',
  'accept-language' => 'zh-CN,zh;q=0.9,en;q=0.8',
  'cookie' => 'PHPSESSID=43f3p4odtfke1fbiiv4bnljlq4',
)
[ info ] [ PARAM ] array (
)
[ info ] [ RUN ] app\admin\controller\Common->login[ D:\Project\xiaofang\app\admin\controller\Common.php ]
[ info ] [ SESSION ] INIT array (
  'id' => '',
  'var_session_id' => '',
  'prefix' => 'think',
  'type' => '',
  'auto_start' => true,
)
[ info ] [ VIEW ] D:\Project\xiaofang\public/../app/admin\view\common\login.html [ array (
) ]
[ info ] [ LOG ] INIT File
[ sql ] [ DB ] CONNECT:[ UseTime:0.003000s ] mysql:host=127.0.0.1;port=3306;dbname=xiaofang;charset=utf8
[ sql ] [ SQL ] SHOW COLUMNS FROM `tplay_urlconfig` [ RunTime:0.011001s ]
[ sql ] [ SQL ] SELECT `aliases`,`url` FROM `tplay_urlconfig` WHERE  `status` = 1 [ RunTime:0.001000s ]
---------------------------------------------------------------
[ 2019-04-12T10:25:32+08:00 ] 127.0.0.1 GET www.xiaofang.com/captcha.shtml
[运行时间：0.613035s] [吞吐率：1.63req/s] [内存消耗：2,337.23kb] [文件加载：45]
[ info ] [ LANG ] D:\Project\xiaofang\thinkphp\lang\zh-cn.php
[ info ] [ DB ] INIT mysql
[ info ] [ ROUTE ] array (
  'type' => 'method',
  'method' => 
  array (
    0 => '\\think\\captcha\\CaptchaController',
    1 => 'index',
  ),
  'var' => 
  array (
  ),
)
[ info ] [ HEADER ] array (
  'host' => 'www.xiaofang.com',
  'connection' => 'keep-alive',
  'user-agent' => 'Mozilla/5.0 (Windows NT 6.1; WOW64) AppleWebKit/537.36 (KHTML, like Gecko) Chrome/72.0.3626.121 Safari/537.36',
  'accept' => 'image/webp,image/apng,image/*,*/*;q=0.8',
  'referer' => 'http://www.xiaofang.com/admin/common/login.shtml',
  'accept-encoding' => 'gzip, deflate',
  'accept-language' => 'zh-CN,zh;q=0.9,en;q=0.8',
  'cookie' => 'PHPSESSID=43f3p4odtfke1fbiiv4bnljlq4',
)
[ info ] [ PARAM ] array (
  'id' => NULL,
)
[ info ] [ RUN ] think\captcha\CaptchaController->index[ D:\Project\xiaofang\vendor\topthink\think-captcha\src\CaptchaController.php ]
[ info ] [ SESSION ] INIT array (
  'id' => '',
  'var_session_id' => '',
  'prefix' => 'think',
  'type' => '',
  'auto_start' => true,
)
[ info ] [ LOG ] INIT File
[ sql ] [ DB ] CONNECT:[ UseTime:0.003000s ] mysql:host=127.0.0.1;port=3306;dbname=xiaofang;charset=utf8
[ sql ] [ SQL ] SHOW COLUMNS FROM `tplay_urlconfig` [ RunTime:0.015001s ]
[ sql ] [ SQL ] SELECT `aliases`,`url` FROM `tplay_urlconfig` WHERE  `status` = 1 [ RunTime:0.000000s ]
---------------------------------------------------------------
[ 2019-04-12T10:25:42+08:00 ] 127.0.0.1 POST www.xiaofang.com/admin/common/login.shtml
[运行时间：0.231014s] [吞吐率：4.33req/s] [内存消耗：2,894.20kb] [文件加载：60]
[ info ] [ LANG ] D:\Project\xiaofang\thinkphp\lang\zh-cn.php
[ info ] [ DB ] INIT mysql
[ info ] [ ROUTE ] array (
  'type' => 'module',
  'module' => 
  array (
    0 => 'admin',
    1 => 'common',
    2 => 'login',
  ),
)
[ info ] [ HEADER ] array (
  'host' => 'www.xiaofang.com',
  'connection' => 'keep-alive',
  'content-length' => '89',
  'accept' => '*/*',
  'origin' => 'http://www.xiaofang.com',
  'x-requested-with' => 'XMLHttpRequest',
  'user-agent' => 'Mozilla/5.0 (Windows NT 6.1; WOW64) AppleWebKit/537.36 (KHTML, like Gecko) Chrome/72.0.3626.121 Safari/537.36',
  'content-type' => 'application/x-www-form-urlencoded; charset=UTF-8',
  'referer' => 'http://www.xiaofang.com/admin/common/login.shtml',
  'accept-encoding' => 'gzip, deflate',
  'accept-language' => 'zh-CN,zh;q=0.9,en;q=0.8',
  'cookie' => 'PHPSESSID=43f3p4odtfke1fbiiv4bnljlq4',
)
[ info ] [ PARAM ] array (
  'name' => 'admin',
  'password' => 'admin',
  'captcha' => '3n5h',
  '__token__' => '79150baf1919bc3b98bb50b615dc2756ec28d6ad',
)
[ info ] [ RUN ] app\admin\controller\Common->login[ D:\Project\xiaofang\app\admin\controller\Common.php ]
[ info ] [ SESSION ] INIT array (
  'id' => '',
  'var_session_id' => '',
  'prefix' => 'think',
  'type' => '',
  'auto_start' => true,
)
[ info ] [ CACHE ] INIT File
[ info ] [ LOG ] INIT File
[ sql ] [ DB ] CONNECT:[ UseTime:0.002000s ] mysql:host=127.0.0.1;port=3306;dbname=xiaofang;charset=utf8
[ sql ] [ SQL ] SHOW COLUMNS FROM `tplay_urlconfig` [ RunTime:0.009000s ]
[ sql ] [ SQL ] SELECT `aliases`,`url` FROM `tplay_urlconfig` WHERE  `status` = 1 [ RunTime:0.001001s ]
[ sql ] [ SQL ] SHOW COLUMNS FROM `tplay_admin` [ RunTime:0.055003s ]
[ sql ] [ SQL ] SELECT * FROM `tplay_admin` WHERE  `name` = 'admin' LIMIT 1 [ RunTime:0.001001s ]
[ sql ] [ SQL ] UPDATE `tplay_admin`  SET `login_ip`='127.0.0.1',`login_time`=1555035942  WHERE  `id` = 1 [ RunTime:0.001000s ]
[ sql ] [ SQL ] SHOW COLUMNS FROM `tplay_webconfig` [ RunTime:0.010001s ]
[ sql ] [ SQL ] SELECT * FROM `tplay_webconfig` WHERE  `web` = 'web' LIMIT 1 [ RunTime:0.001000s ]
[ sql ] [ SQL ] SHOW COLUMNS FROM `tplay_admin_menu` [ RunTime:0.013000s ]
[ sql ] [ SQL ] SELECT `id` FROM `tplay_admin_menu` WHERE  `module` = 'admin'  AND `controller` = 'Common'  AND `function` = 'login'  AND `parameter` = 'common=' LIMIT 1 [ RunTime:0.001000s ]
[ sql ] [ SQL ] SELECT `id` FROM `tplay_admin_menu` WHERE  `module` = 'admin'  AND `controller` = 'Common'  AND `function` = 'login' LIMIT 1 [ RunTime:0.001000s ]
[ sql ] [ SQL ] SHOW COLUMNS FROM `tplay_admin_log` [ RunTime:0.014000s ]
[ sql ] [ SQL ] INSERT INTO `tplay_admin_log` (`operation_id` , `admin_id` , `ip` , `create_time` , `admin_menu_id`) VALUES ('' , 1 , '127.0.0.1' , 1555035942 , 50) [ RunTime:0.001001s ]
---------------------------------------------------------------
[ 2019-04-12T10:25:44+08:00 ] 127.0.0.1 GET www.xiaofang.com/admin/index/index.shtml
[运行时间：0.316018s] [吞吐率：3.16req/s] [内存消耗：2,783.38kb] [文件加载：55]
[ info ] [ LANG ] D:\Project\xiaofang\thinkphp\lang\zh-cn.php
[ info ] [ DB ] INIT mysql
[ info ] [ ROUTE ] array (
  'type' => 'module',
  'module' => 
  array (
    0 => 'admin',
    1 => 'index',
    2 => 'index',
  ),
)
[ info ] [ HEADER ] array (
  'host' => 'www.xiaofang.com',
  'connection' => 'keep-alive',
  'upgrade-insecure-requests' => '1',
  'user-agent' => 'Mozilla/5.0 (Windows NT 6.1; WOW64) AppleWebKit/537.36 (KHTML, like Gecko) Chrome/72.0.3626.121 Safari/537.36',
  'accept' => 'text/html,application/xhtml+xml,application/xml;q=0.9,image/webp,image/apng,*/*;q=0.8',
  'referer' => 'http://www.xiaofang.com/admin/common/login.shtml',
  'accept-encoding' => 'gzip, deflate',
  'accept-language' => 'zh-CN,zh;q=0.9,en;q=0.8',
  'cookie' => 'PHPSESSID=43f3p4odtfke1fbiiv4bnljlq4',
)
[ info ] [ PARAM ] array (
)
[ info ] [ SESSION ] INIT array (
  'id' => '',
  'var_session_id' => '',
  'prefix' => 'think',
  'type' => '',
  'auto_start' => true,
)
[ info ] [ RUN ] app\admin\controller\Index->index[ D:\Project\xiaofang\app\admin\controller\Index.php ]
[ info ] [ VIEW ] D:\Project\xiaofang\public/../app/admin\view\index\index.html [ array (
  0 => 'menus',
  1 => 'cookie',
) ]
[ info ] [ LOG ] INIT File
[ sql ] [ DB ] CONNECT:[ UseTime:0.011001s ] mysql:host=127.0.0.1;port=3306;dbname=xiaofang;charset=utf8
[ sql ] [ SQL ] SHOW COLUMNS FROM `tplay_urlconfig` [ RunTime:0.013001s ]
[ sql ] [ SQL ] SELECT `aliases`,`url` FROM `tplay_urlconfig` WHERE  `status` = 1 [ RunTime:0.001000s ]
[ sql ] [ SQL ] SHOW COLUMNS FROM `tplay_webconfig` [ RunTime:0.010001s ]
[ sql ] [ SQL ] SELECT `black_ip` FROM `tplay_webconfig` WHERE  `web` = 'web' LIMIT 1 [ RunTime:0.001000s ]
[ sql ] [ SQL ] SHOW COLUMNS FROM `tplay_admin_cate` [ RunTime:0.042002s ]
[ sql ] [ SQL ] SELECT `permissions` FROM `tplay_admin_cate` WHERE  `id` = 1 LIMIT 1 [ RunTime:0.001000s ]
[ sql ] [ SQL ] SHOW COLUMNS FROM `tplay_admin_menu` [ RunTime:0.011001s ]
[ sql ] [ SQL ] SELECT * FROM `tplay_admin_menu` WHERE  `module` = 'admin'  AND `controller` = 'Index'  AND `function` = 'index'  AND `type` = 1 LIMIT 1 [ RunTime:0.001000s ]
[ sql ] [ SQL ] SELECT * FROM `tplay_admin_menu` WHERE  `is_display` = 1 ORDER BY `orders` ASC [ RunTime:0.002000s ]
[ sql ] [ SQL ] SELECT `permissions` FROM `tplay_admin_cate` WHERE  `id` = 1 LIMIT 1 [ RunTime:0.000000s ]
[ sql ] [ SQL ] SHOW COLUMNS FROM `tplay_admin` [ RunTime:0.010000s ]
[ sql ] [ SQL ] SELECT * FROM `tplay_admin` WHERE  `id` = 1 LIMIT 1 [ RunTime:0.000000s ]
[ sql ] [ SQL ] SHOW COLUMNS FROM `tplay_attachment` [ RunTime:0.070004s ]
[ sql ] [ SQL ] SELECT * FROM `tplay_attachment` WHERE  `id` = 2 LIMIT 1 [ RunTime:0.001000s ]
---------------------------------------------------------------
[ 2019-04-12T10:25:45+08:00 ] 127.0.0.1 GET www.xiaofang.com/admin/main/index
[运行时间：0.340019s] [吞吐率：2.94req/s] [内存消耗：2,742.50kb] [文件加载：55]
[ info ] [ LANG ] D:\Project\xiaofang\thinkphp\lang\zh-cn.php
[ info ] [ DB ] INIT mysql
[ info ] [ ROUTE ] array (
  'type' => 'module',
  'module' => 
  array (
    0 => 'admin',
    1 => 'main',
    2 => 'index',
  ),
)
[ info ] [ HEADER ] array (
  'host' => 'www.xiaofang.com',
  'connection' => 'keep-alive',
  'upgrade-insecure-requests' => '1',
  'user-agent' => 'Mozilla/5.0 (Windows NT 6.1; WOW64) AppleWebKit/537.36 (KHTML, like Gecko) Chrome/72.0.3626.121 Safari/537.36',
  'accept' => 'text/html,application/xhtml+xml,application/xml;q=0.9,image/webp,image/apng,*/*;q=0.8',
  'referer' => 'http://www.xiaofang.com/admin/index/index.shtml',
  'accept-encoding' => 'gzip, deflate',
  'accept-language' => 'zh-CN,zh;q=0.9,en;q=0.8',
  'cookie' => 'PHPSESSID=43f3p4odtfke1fbiiv4bnljlq4',
)
[ info ] [ PARAM ] array (
)
[ info ] [ SESSION ] INIT array (
  'id' => '',
  'var_session_id' => '',
  'prefix' => 'think',
  'type' => '',
  'auto_start' => true,
)
[ info ] [ RUN ] app\admin\controller\Main->index[ D:\Project\xiaofang\app\admin\controller\Main.php ]
[ info ] [ VIEW ] D:\Project\xiaofang\public/../app/admin\view\main\index.html [ array (
  0 => 'info',
  1 => 'web',
) ]
[ info ] [ LOG ] INIT File
[ sql ] [ DB ] CONNECT:[ UseTime:0.003000s ] mysql:host=127.0.0.1;port=3306;dbname=xiaofang;charset=utf8
[ sql ] [ SQL ] SHOW COLUMNS FROM `tplay_urlconfig` [ RunTime:0.028002s ]
[ sql ] [ SQL ] SELECT `aliases`,`url` FROM `tplay_urlconfig` WHERE  `status` = 1 [ RunTime:0.001000s ]
[ sql ] [ SQL ] SHOW COLUMNS FROM `tplay_webconfig` [ RunTime:0.010000s ]
[ sql ] [ SQL ] SELECT `black_ip` FROM `tplay_webconfig` WHERE  `web` = 'web' LIMIT 1 [ RunTime:0.001000s ]
[ sql ] [ SQL ] SHOW COLUMNS FROM `tplay_admin_cate` [ RunTime:0.009001s ]
[ sql ] [ SQL ] SELECT `permissions` FROM `tplay_admin_cate` WHERE  `id` = 1 LIMIT 1 [ RunTime:0.001000s ]
[ sql ] [ SQL ] SHOW COLUMNS FROM `tplay_admin_menu` [ RunTime:0.012001s ]
[ sql ] [ SQL ] SELECT * FROM `tplay_admin_menu` WHERE  `module` = 'admin'  AND `controller` = 'Main'  AND `function` = 'index'  AND `type` = 1  AND `parameter` = 'main=' LIMIT 1 [ RunTime:0.000000s ]
[ sql ] [ SQL ] SELECT * FROM `tplay_admin_menu` WHERE  `module` = 'admin'  AND `controller` = 'Main'  AND `function` = 'index'  AND `type` = 1 LIMIT 1 [ RunTime:0.001000s ]
[ sql ] [ SQL ] SHOW COLUMNS FROM `tplay_admin` [ RunTime:0.010000s ]
[ sql ] [ SQL ] SELECT COUNT(*) AS tp_count FROM `tplay_admin` LIMIT 1 [ RunTime:0.001000s ]
[ sql ] [ SQL ] SELECT COUNT(*) AS tp_count FROM `tplay_admin_cate` LIMIT 1 [ RunTime:0.000000s ]
[ sql ] [ SQL ] SELECT `black_ip` FROM `tplay_webconfig` LIMIT 1 [ RunTime:0.000000s ]
[ sql ] [ SQL ] SHOW COLUMNS FROM `tplay_article` [ RunTime:0.067004s ]
[ sql ] [ SQL ] SELECT COUNT(*) AS tp_count FROM `tplay_article` LIMIT 1 [ RunTime:0.001000s ]
[ sql ] [ SQL ] SELECT COUNT(*) AS tp_count FROM `tplay_article` WHERE  `status` = 0 LIMIT 1 [ RunTime:0.001000s ]
[ sql ] [ SQL ] SELECT COUNT(*) AS tp_count FROM `tplay_article` WHERE  `is_top` = 1 LIMIT 1 [ RunTime:0.001000s ]
[ sql ] [ SQL ] SHOW COLUMNS FROM `tplay_attachment` [ RunTime:0.011001s ]
[ sql ] [ SQL ] SELECT COUNT(*) AS tp_count FROM `tplay_attachment` LIMIT 1 [ RunTime:0.001000s ]
[ sql ] [ SQL ] SELECT COUNT(*) AS tp_count FROM `tplay_attachment` WHERE  `status` = 0 LIMIT 1 [ RunTime:0.001000s ]
[ sql ] [ SQL ] SELECT COUNT(*) AS tp_count FROM `tplay_attachment` WHERE  `status` = -1 LIMIT 1 [ RunTime:0.001000s ]
[ sql ] [ SQL ] SHOW COLUMNS FROM `tplay_messages` [ RunTime:0.013001s ]
[ sql ] [ SQL ] SELECT COUNT(*) AS tp_count FROM `tplay_messages` LIMIT 1 [ RunTime:0.000000s ]
[ sql ] [ SQL ] SELECT COUNT(*) AS tp_count FROM `tplay_messages` WHERE  `is_look` = 0 LIMIT 1 [ RunTime:0.000000s ]
[ sql ] [ SQL ] SHOW COLUMNS FROM `tplay_admin_log` [ RunTime:0.010001s ]
[ sql ] [ SQL ] SELECT COUNT(*) AS tp_count FROM `tplay_admin_log` WHERE  `admin_menu_id` = 50  AND ( `create_time` >= 1554220800 AND `create_time` <= 1554307200 ) LIMIT 1 [ RunTime:0.001000s ]
[ sql ] [ SQL ] SELECT COUNT(*) AS tp_count FROM `tplay_admin_log` WHERE  `admin_menu_id` = 50  AND ( `create_time` >= 1554307200 AND `create_time` <= 1554393600 ) LIMIT 1 [ RunTime:0.001000s ]
[ sql ] [ SQL ] SELECT COUNT(*) AS tp_count FROM `tplay_admin_log` WHERE  `admin_menu_id` = 50  AND ( `create_time` >= 1554393600 AND `create_time` <= 1554480000 ) LIMIT 1 [ RunTime:0.000000s ]
[ sql ] [ SQL ] SELECT COUNT(*) AS tp_count FROM `tplay_admin_log` WHERE  `admin_menu_id` = 50  AND ( `create_time` >= 1554480000 AND `create_time` <= 1554566400 ) LIMIT 1 [ RunTime:0.000000s ]
[ sql ] [ SQL ] SELECT COUNT(*) AS tp_count FROM `tplay_admin_log` WHERE  `admin_menu_id` = 50  AND ( `create_time` >= 1554566400 AND `create_time` <= 1554652800 ) LIMIT 1 [ RunTime:0.000000s ]
[ sql ] [ SQL ] SELECT COUNT(*) AS tp_count FROM `tplay_admin_log` WHERE  `admin_menu_id` = 50  AND ( `create_time` >= 1554652800 AND `create_time` <= 1554739200 ) LIMIT 1 [ RunTime:0.000000s ]
[ sql ] [ SQL ] SELECT COUNT(*) AS tp_count FROM `tplay_admin_log` WHERE  `admin_menu_id` = 50  AND ( `create_time` >= 1554739200 AND `create_time` <= 1554825600 ) LIMIT 1 [ RunTime:0.000000s ]
[ sql ] [ SQL ] SELECT COUNT(*) AS tp_count FROM `tplay_admin_log` WHERE  `admin_menu_id` = 50  AND ( `create_time` >= 1554825600 AND `create_time` <= 1554912000 ) LIMIT 1 [ RunTime:0.000000s ]
[ sql ] [ SQL ] SELECT COUNT(*) AS tp_count FROM `tplay_admin_log` WHERE  `admin_menu_id` = 50  AND ( `create_time` >= 1554912000 AND `create_time` <= 1554998400 ) LIMIT 1 [ RunTime:0.000000s ]
[ sql ] [ SQL ] SELECT COUNT(*) AS tp_count FROM `tplay_admin_log` WHERE  `admin_menu_id` = 50  AND ( `create_time` >= 1554998400 AND `create_time` <= 1555084800 ) LIMIT 1 [ RunTime:0.000000s ]
---------------------------------------------------------------
[ 2019-04-12T10:25:47+08:00 ] 127.0.0.1 GET www.xiaofang.com/
[运行时间：0.269015s] [吞吐率：3.72req/s] [内存消耗：2,702.55kb] [文件加载：55]
[ info ] [ LANG ] D:\Project\xiaofang\thinkphp\lang\zh-cn.php
[ info ] [ DB ] INIT mysql
[ info ] [ ROUTE ] array (
  'type' => 'module',
  'module' => 
  array (
    0 => '',
    1 => NULL,
    2 => NULL,
  ),
)
[ info ] [ HEADER ] array (
  'host' => 'www.xiaofang.com',
  'connection' => 'keep-alive',
  'upgrade-insecure-requests' => '1',
  'user-agent' => 'Mozilla/5.0 (Windows NT 6.1; WOW64) AppleWebKit/537.36 (KHTML, like Gecko) Chrome/72.0.3626.121 Safari/537.36',
  'accept' => 'text/html,application/xhtml+xml,application/xml;q=0.9,image/webp,image/apng,*/*;q=0.8',
  'referer' => 'http://www.xiaofang.com/admin/index/index.shtml',
  'accept-encoding' => 'gzip, deflate',
  'accept-language' => 'zh-CN,zh;q=0.9,en;q=0.8',
  'cookie' => 'PHPSESSID=43f3p4odtfke1fbiiv4bnljlq4',
)
[ info ] [ PARAM ] array (
)
[ info ] [ SESSION ] INIT array (
  'id' => '',
  'var_session_id' => '',
  'prefix' => 'think',
  'type' => '',
  'auto_start' => true,
)
[ info ] [ RUN ] app\index\controller\Index->index[ D:\Project\xiaofang\app\index\controller\Index.php ]
[ info ] [ VIEW ] D:\Project\xiaofang\public/../app/index\view\index\index.html [ array (
) ]
[ info ] [ LOG ] INIT File
[ sql ] [ DB ] CONNECT:[ UseTime:0.012000s ] mysql:host=127.0.0.1;port=3306;dbname=xiaofang;charset=utf8
[ sql ] [ SQL ] SHOW COLUMNS FROM `tplay_urlconfig` [ RunTime:0.017001s ]
[ sql ] [ SQL ] SELECT `aliases`,`url` FROM `tplay_urlconfig` WHERE  `status` = 1 [ RunTime:0.001000s ]
[ sql ] [ SQL ] SHOW COLUMNS FROM `tplay_webconfig` [ RunTime:0.027002s ]
[ sql ] [ SQL ] SELECT `black_ip` FROM `tplay_webconfig` WHERE  `web` = 'web' LIMIT 1 [ RunTime:0.002000s ]
[ sql ] [ SQL ] SHOW COLUMNS FROM `tplay_admin_cate` [ RunTime:0.032002s ]
[ sql ] [ SQL ] SELECT `permissions` FROM `tplay_admin_cate` WHERE  `id` = 1 LIMIT 1 [ RunTime:0.001000s ]
[ sql ] [ SQL ] SHOW COLUMNS FROM `tplay_admin_menu` [ RunTime:0.021002s ]
[ sql ] [ SQL ] SELECT * FROM `tplay_admin_menu` WHERE  `module` = 'index'  AND `controller` = 'Index'  AND `function` = 'index'  AND `type` = 1  AND `parameter` = '=' LIMIT 1 [ RunTime:0.005000s ]
[ sql ] [ SQL ] SELECT * FROM `tplay_admin_menu` WHERE  `module` = 'index'  AND `controller` = 'Index'  AND `function` = 'index'  AND `type` = 1 LIMIT 1 [ RunTime:0.001000s ]
---------------------------------------------------------------
[ 2019-04-12T10:25:58+08:00 ] 127.0.0.1 POST www.xiaofang.com/index/index/cond.shtml
[运行时间：0.108006s] [吞吐率：9.26req/s] [内存消耗：2,640.63kb] [文件加载：55]
[ info ] [ LANG ] D:\Project\xiaofang\thinkphp\lang\zh-cn.php
[ info ] [ DB ] INIT mysql
[ info ] [ ROUTE ] array (
  'type' => 'module',
  'module' => 
  array (
    0 => 'index',
    1 => 'index',
    2 => 'cond',
  ),
)
[ info ] [ HEADER ] array (
  'host' => 'www.xiaofang.com',
  'connection' => 'keep-alive',
  'content-length' => '9',
  'accept' => '*/*',
  'origin' => 'http://www.xiaofang.com',
  'x-requested-with' => 'XMLHttpRequest',
  'user-agent' => 'Mozilla/5.0 (Windows NT 6.1; WOW64) AppleWebKit/537.36 (KHTML, like Gecko) Chrome/72.0.3626.121 Safari/537.36',
  'content-type' => 'application/x-www-form-urlencoded; charset=UTF-8',
  'referer' => 'http://www.xiaofang.com/',
  'accept-encoding' => 'gzip, deflate',
  'accept-language' => 'zh-CN,zh;q=0.9,en;q=0.8',
  'cookie' => 'PHPSESSID=43f3p4odtfke1fbiiv4bnljlq4',
)
[ info ] [ PARAM ] array (
  'pro' => '',
  'tel' => '',
)
[ info ] [ SESSION ] INIT array (
  'id' => '',
  'var_session_id' => '',
  'prefix' => 'think',
  'type' => '',
  'auto_start' => true,
)
[ info ] [ RUN ] app\index\controller\Index->cond[ D:\Project\xiaofang\app\index\controller\Index.php ]
[ info ] [ LOG ] INIT File
[ sql ] [ DB ] CONNECT:[ UseTime:0.002000s ] mysql:host=127.0.0.1;port=3306;dbname=xiaofang;charset=utf8
[ sql ] [ SQL ] SHOW COLUMNS FROM `tplay_urlconfig` [ RunTime:0.010001s ]
[ sql ] [ SQL ] SELECT `aliases`,`url` FROM `tplay_urlconfig` WHERE  `status` = 1 [ RunTime:0.000000s ]
[ sql ] [ SQL ] SHOW COLUMNS FROM `tplay_webconfig` [ RunTime:0.011001s ]
[ sql ] [ SQL ] SELECT `black_ip` FROM `tplay_webconfig` WHERE  `web` = 'web' LIMIT 1 [ RunTime:0.001000s ]
[ sql ] [ SQL ] SHOW COLUMNS FROM `tplay_admin_cate` [ RunTime:0.011001s ]
[ sql ] [ SQL ] SELECT `permissions` FROM `tplay_admin_cate` WHERE  `id` = 1 LIMIT 1 [ RunTime:0.000000s ]
[ sql ] [ SQL ] SHOW COLUMNS FROM `tplay_admin_menu` [ RunTime:0.009000s ]
[ sql ] [ SQL ] SELECT * FROM `tplay_admin_menu` WHERE  `module` = 'index'  AND `controller` = 'Index'  AND `function` = 'cond'  AND `type` = 1  AND `parameter` = 'pro=&tel=' LIMIT 1 [ RunTime:0.001001s ]
[ sql ] [ SQL ] SELECT * FROM `tplay_admin_menu` WHERE  `module` = 'index'  AND `controller` = 'Index'  AND `function` = 'cond'  AND `type` = 1 LIMIT 1 [ RunTime:0.001000s ]
---------------------------------------------------------------
[ 2019-04-12T10:26:02+08:00 ] 127.0.0.1 POST www.xiaofang.com/index/index/cond.shtml
[运行时间：0.117007s] [吞吐率：8.55req/s] [内存消耗：2,640.63kb] [文件加载：55]
[ info ] [ LANG ] D:\Project\xiaofang\thinkphp\lang\zh-cn.php
[ info ] [ DB ] INIT mysql
[ info ] [ ROUTE ] array (
  'type' => 'module',
  'module' => 
  array (
    0 => 'index',
    1 => 'index',
    2 => 'cond',
  ),
)
[ info ] [ HEADER ] array (
  'host' => 'www.xiaofang.com',
  'connection' => 'keep-alive',
  'content-length' => '9',
  'accept' => '*/*',
  'origin' => 'http://www.xiaofang.com',
  'x-requested-with' => 'XMLHttpRequest',
  'user-agent' => 'Mozilla/5.0 (Windows NT 6.1; WOW64) AppleWebKit/537.36 (KHTML, like Gecko) Chrome/72.0.3626.121 Safari/537.36',
  'content-type' => 'application/x-www-form-urlencoded; charset=UTF-8',
  'referer' => 'http://www.xiaofang.com/',
  'accept-encoding' => 'gzip, deflate',
  'accept-language' => 'zh-CN,zh;q=0.9,en;q=0.8',
  'cookie' => 'PHPSESSID=43f3p4odtfke1fbiiv4bnljlq4',
)
[ info ] [ PARAM ] array (
  'pro' => '',
  'tel' => '',
)
[ info ] [ SESSION ] INIT array (
  'id' => '',
  'var_session_id' => '',
  'prefix' => 'think',
  'type' => '',
  'auto_start' => true,
)
[ info ] [ RUN ] app\index\controller\Index->cond[ D:\Project\xiaofang\app\index\controller\Index.php ]
[ info ] [ LOG ] INIT File
[ sql ] [ DB ] CONNECT:[ UseTime:0.011000s ] mysql:host=127.0.0.1;port=3306;dbname=xiaofang;charset=utf8
[ sql ] [ SQL ] SHOW COLUMNS FROM `tplay_urlconfig` [ RunTime:0.010001s ]
[ sql ] [ SQL ] SELECT `aliases`,`url` FROM `tplay_urlconfig` WHERE  `status` = 1 [ RunTime:0.001000s ]
[ sql ] [ SQL ] SHOW COLUMNS FROM `tplay_webconfig` [ RunTime:0.010000s ]
[ sql ] [ SQL ] SELECT `black_ip` FROM `tplay_webconfig` WHERE  `web` = 'web' LIMIT 1 [ RunTime:0.000000s ]
[ sql ] [ SQL ] SHOW COLUMNS FROM `tplay_admin_cate` [ RunTime:0.010001s ]
[ sql ] [ SQL ] SELECT `permissions` FROM `tplay_admin_cate` WHERE  `id` = 1 LIMIT 1 [ RunTime:0.001000s ]
[ sql ] [ SQL ] SHOW COLUMNS FROM `tplay_admin_menu` [ RunTime:0.010000s ]
[ sql ] [ SQL ] SELECT * FROM `tplay_admin_menu` WHERE  `module` = 'index'  AND `controller` = 'Index'  AND `function` = 'cond'  AND `type` = 1  AND `parameter` = 'pro=&tel=' LIMIT 1 [ RunTime:0.001001s ]
[ sql ] [ SQL ] SELECT * FROM `tplay_admin_menu` WHERE  `module` = 'index'  AND `controller` = 'Index'  AND `function` = 'cond'  AND `type` = 1 LIMIT 1 [ RunTime:0.001000s ]
---------------------------------------------------------------
[ 2019-04-12T10:26:06+08:00 ] 127.0.0.1 POST www.xiaofang.com/index/index/cond.shtml
[运行时间：0.107006s] [吞吐率：9.35req/s] [内存消耗：2,640.63kb] [文件加载：55]
[ info ] [ LANG ] D:\Project\xiaofang\thinkphp\lang\zh-cn.php
[ info ] [ DB ] INIT mysql
[ info ] [ ROUTE ] array (
  'type' => 'module',
  'module' => 
  array (
    0 => 'index',
    1 => 'index',
    2 => 'cond',
  ),
)
[ info ] [ HEADER ] array (
  'host' => 'www.xiaofang.com',
  'connection' => 'keep-alive',
  'content-length' => '9',
  'accept' => '*/*',
  'origin' => 'http://www.xiaofang.com',
  'x-requested-with' => 'XMLHttpRequest',
  'user-agent' => 'Mozilla/5.0 (Windows NT 6.1; WOW64) AppleWebKit/537.36 (KHTML, like Gecko) Chrome/72.0.3626.121 Safari/537.36',
  'content-type' => 'application/x-www-form-urlencoded; charset=UTF-8',
  'referer' => 'http://www.xiaofang.com/',
  'accept-encoding' => 'gzip, deflate',
  'accept-language' => 'zh-CN,zh;q=0.9,en;q=0.8',
  'cookie' => 'PHPSESSID=43f3p4odtfke1fbiiv4bnljlq4',
)
[ info ] [ PARAM ] array (
  'pro' => '',
  'tel' => '',
)
[ info ] [ SESSION ] INIT array (
  'id' => '',
  'var_session_id' => '',
  'prefix' => 'think',
  'type' => '',
  'auto_start' => true,
)
[ info ] [ RUN ] app\index\controller\Index->cond[ D:\Project\xiaofang\app\index\controller\Index.php ]
[ info ] [ LOG ] INIT File
[ sql ] [ DB ] CONNECT:[ UseTime:0.002000s ] mysql:host=127.0.0.1;port=3306;dbname=xiaofang;charset=utf8
[ sql ] [ SQL ] SHOW COLUMNS FROM `tplay_urlconfig` [ RunTime:0.011001s ]
[ sql ] [ SQL ] SELECT `aliases`,`url` FROM `tplay_urlconfig` WHERE  `status` = 1 [ RunTime:0.001000s ]
[ sql ] [ SQL ] SHOW COLUMNS FROM `tplay_webconfig` [ RunTime:0.011001s ]
[ sql ] [ SQL ] SELECT `black_ip` FROM `tplay_webconfig` WHERE  `web` = 'web' LIMIT 1 [ RunTime:0.001000s ]
[ sql ] [ SQL ] SHOW COLUMNS FROM `tplay_admin_cate` [ RunTime:0.009001s ]
[ sql ] [ SQL ] SELECT `permissions` FROM `tplay_admin_cate` WHERE  `id` = 1 LIMIT 1 [ RunTime:0.000000s ]
[ sql ] [ SQL ] SHOW COLUMNS FROM `tplay_admin_menu` [ RunTime:0.010000s ]
[ sql ] [ SQL ] SELECT * FROM `tplay_admin_menu` WHERE  `module` = 'index'  AND `controller` = 'Index'  AND `function` = 'cond'  AND `type` = 1  AND `parameter` = 'pro=&tel=' LIMIT 1 [ RunTime:0.001001s ]
[ sql ] [ SQL ] SELECT * FROM `tplay_admin_menu` WHERE  `module` = 'index'  AND `controller` = 'Index'  AND `function` = 'cond'  AND `type` = 1 LIMIT 1 [ RunTime:0.001000s ]
---------------------------------------------------------------
[ 2019-04-12T10:26:10+08:00 ] 127.0.0.1 POST www.xiaofang.com/index/index/cond.shtml
[运行时间：0.106006s] [吞吐率：9.43req/s] [内存消耗：2,640.63kb] [文件加载：55]
[ info ] [ LANG ] D:\Project\xiaofang\thinkphp\lang\zh-cn.php
[ info ] [ DB ] INIT mysql
[ info ] [ ROUTE ] array (
  'type' => 'module',
  'module' => 
  array (
    0 => 'index',
    1 => 'index',
    2 => 'cond',
  ),
)
[ info ] [ HEADER ] array (
  'host' => 'www.xiaofang.com',
  'connection' => 'keep-alive',
  'content-length' => '9',
  'accept' => '*/*',
  'origin' => 'http://www.xiaofang.com',
  'x-requested-with' => 'XMLHttpRequest',
  'user-agent' => 'Mozilla/5.0 (Windows NT 6.1; WOW64) AppleWebKit/537.36 (KHTML, like Gecko) Chrome/72.0.3626.121 Safari/537.36',
  'content-type' => 'application/x-www-form-urlencoded; charset=UTF-8',
  'referer' => 'http://www.xiaofang.com/',
  'accept-encoding' => 'gzip, deflate',
  'accept-language' => 'zh-CN,zh;q=0.9,en;q=0.8',
  'cookie' => 'PHPSESSID=43f3p4odtfke1fbiiv4bnljlq4',
)
[ info ] [ PARAM ] array (
  'pro' => '',
  'tel' => '',
)
[ info ] [ SESSION ] INIT array (
  'id' => '',
  'var_session_id' => '',
  'prefix' => 'think',
  'type' => '',
  'auto_start' => true,
)
[ info ] [ RUN ] app\index\controller\Index->cond[ D:\Project\xiaofang\app\index\controller\Index.php ]
[ info ] [ LOG ] INIT File
[ sql ] [ DB ] CONNECT:[ UseTime:0.003000s ] mysql:host=127.0.0.1;port=3306;dbname=xiaofang;charset=utf8
[ sql ] [ SQL ] SHOW COLUMNS FROM `tplay_urlconfig` [ RunTime:0.010001s ]
[ sql ] [ SQL ] SELECT `aliases`,`url` FROM `tplay_urlconfig` WHERE  `status` = 1 [ RunTime:0.000000s ]
[ sql ] [ SQL ] SHOW COLUMNS FROM `tplay_webconfig` [ RunTime:0.010000s ]
[ sql ] [ SQL ] SELECT `black_ip` FROM `tplay_webconfig` WHERE  `web` = 'web' LIMIT 1 [ RunTime:0.000000s ]
[ sql ] [ SQL ] SHOW COLUMNS FROM `tplay_admin_cate` [ RunTime:0.009001s ]
[ sql ] [ SQL ] SELECT `permissions` FROM `tplay_admin_cate` WHERE  `id` = 1 LIMIT 1 [ RunTime:0.001000s ]
[ sql ] [ SQL ] SHOW COLUMNS FROM `tplay_admin_menu` [ RunTime:0.011001s ]
[ sql ] [ SQL ] SELECT * FROM `tplay_admin_menu` WHERE  `module` = 'index'  AND `controller` = 'Index'  AND `function` = 'cond'  AND `type` = 1  AND `parameter` = 'pro=&tel=' LIMIT 1 [ RunTime:0.000000s ]
[ sql ] [ SQL ] SELECT * FROM `tplay_admin_menu` WHERE  `module` = 'index'  AND `controller` = 'Index'  AND `function` = 'cond'  AND `type` = 1 LIMIT 1 [ RunTime:0.001000s ]
---------------------------------------------------------------
[ 2019-04-12T10:26:11+08:00 ] 127.0.0.1 POST www.xiaofang.com/index/index/cond.shtml
[运行时间：0.104006s] [吞吐率：9.61req/s] [内存消耗：2,640.63kb] [文件加载：55]
[ info ] [ LANG ] D:\Project\xiaofang\thinkphp\lang\zh-cn.php
[ info ] [ DB ] INIT mysql
[ info ] [ ROUTE ] array (
  'type' => 'module',
  'module' => 
  array (
    0 => 'index',
    1 => 'index',
    2 => 'cond',
  ),
)
[ info ] [ HEADER ] array (
  'host' => 'www.xiaofang.com',
  'connection' => 'keep-alive',
  'content-length' => '9',
  'accept' => '*/*',
  'origin' => 'http://www.xiaofang.com',
  'x-requested-with' => 'XMLHttpRequest',
  'user-agent' => 'Mozilla/5.0 (Windows NT 6.1; WOW64) AppleWebKit/537.36 (KHTML, like Gecko) Chrome/72.0.3626.121 Safari/537.36',
  'content-type' => 'application/x-www-form-urlencoded; charset=UTF-8',
  'referer' => 'http://www.xiaofang.com/',
  'accept-encoding' => 'gzip, deflate',
  'accept-language' => 'zh-CN,zh;q=0.9,en;q=0.8',
  'cookie' => 'PHPSESSID=43f3p4odtfke1fbiiv4bnljlq4',
)
[ info ] [ PARAM ] array (
  'pro' => '',
  'tel' => '',
)
[ info ] [ SESSION ] INIT array (
  'id' => '',
  'var_session_id' => '',
  'prefix' => 'think',
  'type' => '',
  'auto_start' => true,
)
[ info ] [ RUN ] app\index\controller\Index->cond[ D:\Project\xiaofang\app\index\controller\Index.php ]
[ info ] [ LOG ] INIT File
[ sql ] [ DB ] CONNECT:[ UseTime:0.003000s ] mysql:host=127.0.0.1;port=3306;dbname=xiaofang;charset=utf8
[ sql ] [ SQL ] SHOW COLUMNS FROM `tplay_urlconfig` [ RunTime:0.010001s ]
[ sql ] [ SQL ] SELECT `aliases`,`url` FROM `tplay_urlconfig` WHERE  `status` = 1 [ RunTime:0.001000s ]
[ sql ] [ SQL ] SHOW COLUMNS FROM `tplay_webconfig` [ RunTime:0.010001s ]
[ sql ] [ SQL ] SELECT `black_ip` FROM `tplay_webconfig` WHERE  `web` = 'web' LIMIT 1 [ RunTime:0.001000s ]
[ sql ] [ SQL ] SHOW COLUMNS FROM `tplay_admin_cate` [ RunTime:0.010001s ]
[ sql ] [ SQL ] SELECT `permissions` FROM `tplay_admin_cate` WHERE  `id` = 1 LIMIT 1 [ RunTime:0.000000s ]
[ sql ] [ SQL ] SHOW COLUMNS FROM `tplay_admin_menu` [ RunTime:0.010000s ]
[ sql ] [ SQL ] SELECT * FROM `tplay_admin_menu` WHERE  `module` = 'index'  AND `controller` = 'Index'  AND `function` = 'cond'  AND `type` = 1  AND `parameter` = 'pro=&tel=' LIMIT 1 [ RunTime:0.001001s ]
[ sql ] [ SQL ] SELECT * FROM `tplay_admin_menu` WHERE  `module` = 'index'  AND `controller` = 'Index'  AND `function` = 'cond'  AND `type` = 1 LIMIT 1 [ RunTime:0.001000s ]
---------------------------------------------------------------
[ 2019-04-12T10:26:25+08:00 ] 127.0.0.1 POST www.xiaofang.com/index/index/add.shtml
[运行时间：0.102006s] [吞吐率：9.80req/s] [内存消耗：2,640.67kb] [文件加载：55]
[ info ] [ LANG ] D:\Project\xiaofang\thinkphp\lang\zh-cn.php
[ info ] [ DB ] INIT mysql
[ info ] [ ROUTE ] array (
  'type' => 'module',
  'module' => 
  array (
    0 => 'index',
    1 => 'index',
    2 => 'add',
  ),
)
[ info ] [ HEADER ] array (
  'host' => 'www.xiaofang.com',
  'connection' => 'keep-alive',
  'content-length' => '9',
  'accept' => '*/*',
  'origin' => 'http://www.xiaofang.com',
  'x-requested-with' => 'XMLHttpRequest',
  'user-agent' => 'Mozilla/5.0 (Windows NT 6.1; WOW64) AppleWebKit/537.36 (KHTML, like Gecko) Chrome/72.0.3626.121 Safari/537.36',
  'content-type' => 'application/x-www-form-urlencoded; charset=UTF-8',
  'referer' => 'http://www.xiaofang.com/',
  'accept-encoding' => 'gzip, deflate',
  'accept-language' => 'zh-CN,zh;q=0.9,en;q=0.8',
  'cookie' => 'PHPSESSID=43f3p4odtfke1fbiiv4bnljlq4',
)
[ info ] [ PARAM ] array (
  'pro' => '',
  'tel' => '',
)
[ info ] [ SESSION ] INIT array (
  'id' => '',
  'var_session_id' => '',
  'prefix' => 'think',
  'type' => '',
  'auto_start' => true,
)
[ info ] [ RUN ] app\index\controller\Index->add[ D:\Project\xiaofang\app\index\controller\Index.php ]
[ info ] [ LOG ] INIT File
[ sql ] [ DB ] CONNECT:[ UseTime:0.003000s ] mysql:host=127.0.0.1;port=3306;dbname=xiaofang;charset=utf8
[ sql ] [ SQL ] SHOW COLUMNS FROM `tplay_urlconfig` [ RunTime:0.009000s ]
[ sql ] [ SQL ] SELECT `aliases`,`url` FROM `tplay_urlconfig` WHERE  `status` = 1 [ RunTime:0.000000s ]
[ sql ] [ SQL ] SHOW COLUMNS FROM `tplay_webconfig` [ RunTime:0.010000s ]
[ sql ] [ SQL ] SELECT `black_ip` FROM `tplay_webconfig` WHERE  `web` = 'web' LIMIT 1 [ RunTime:0.001000s ]
[ sql ] [ SQL ] SHOW COLUMNS FROM `tplay_admin_cate` [ RunTime:0.009001s ]
[ sql ] [ SQL ] SELECT `permissions` FROM `tplay_admin_cate` WHERE  `id` = 1 LIMIT 1 [ RunTime:0.000000s ]
[ sql ] [ SQL ] SHOW COLUMNS FROM `tplay_admin_menu` [ RunTime:0.010001s ]
[ sql ] [ SQL ] SELECT * FROM `tplay_admin_menu` WHERE  `module` = 'index'  AND `controller` = 'Index'  AND `function` = 'add'  AND `type` = 1  AND `parameter` = 'pro=&tel=' LIMIT 1 [ RunTime:0.001000s ]
[ sql ] [ SQL ] SELECT * FROM `tplay_admin_menu` WHERE  `module` = 'index'  AND `controller` = 'Index'  AND `function` = 'add'  AND `type` = 1 LIMIT 1 [ RunTime:0.000000s ]
---------------------------------------------------------------
[ 2019-04-12T10:29:00+08:00 ] 127.0.0.1 GET www.xiaofang.com/
[运行时间：0.277015s] [吞吐率：3.61req/s] [内存消耗：2,778.45kb] [文件加载：56]
[ info ] [ LANG ] D:\Project\xiaofang\thinkphp\lang\zh-cn.php
[ info ] [ DB ] INIT mysql
[ info ] [ ROUTE ] array (
  'type' => 'module',
  'module' => 
  array (
    0 => '',
    1 => NULL,
    2 => NULL,
  ),
)
[ info ] [ HEADER ] array (
  'host' => 'www.xiaofang.com',
  'connection' => 'keep-alive',
  'cache-control' => 'max-age=0',
  'upgrade-insecure-requests' => '1',
  'user-agent' => 'Mozilla/5.0 (Windows NT 6.1; WOW64) AppleWebKit/537.36 (KHTML, like Gecko) Chrome/72.0.3626.121 Safari/537.36',
  'accept' => 'text/html,application/xhtml+xml,application/xml;q=0.9,image/webp,image/apng,*/*;q=0.8',
  'referer' => 'http://www.xiaofang.com/admin/index/index.shtml',
  'accept-encoding' => 'gzip, deflate',
  'accept-language' => 'zh-CN,zh;q=0.9,en;q=0.8',
  'cookie' => 'PHPSESSID=43f3p4odtfke1fbiiv4bnljlq4',
)
[ info ] [ PARAM ] array (
)
[ info ] [ SESSION ] INIT array (
  'id' => '',
  'var_session_id' => '',
  'prefix' => 'think',
  'type' => '',
  'auto_start' => true,
)
[ info ] [ RUN ] app\index\controller\Index->index[ D:\Project\xiaofang\app\index\controller\Index.php ]
[ info ] [ VIEW ] D:\Project\xiaofang\public/../app/index\view\index\index.html [ array (
) ]
[ info ] [ LOG ] INIT File
[ sql ] [ DB ] CONNECT:[ UseTime:0.004000s ] mysql:host=127.0.0.1;port=3306;dbname=xiaofang;charset=utf8
[ sql ] [ SQL ] SHOW COLUMNS FROM `tplay_urlconfig` [ RunTime:0.085005s ]
[ sql ] [ SQL ] SELECT `aliases`,`url` FROM `tplay_urlconfig` WHERE  `status` = 1 [ RunTime:0.001000s ]
[ sql ] [ SQL ] SHOW COLUMNS FROM `tplay_webconfig` [ RunTime:0.011001s ]
[ sql ] [ SQL ] SELECT `black_ip` FROM `tplay_webconfig` WHERE  `web` = 'web' LIMIT 1 [ RunTime:0.000000s ]
[ sql ] [ SQL ] SHOW COLUMNS FROM `tplay_admin_cate` [ RunTime:0.012001s ]
[ sql ] [ SQL ] SELECT `permissions` FROM `tplay_admin_cate` WHERE  `id` = 1 LIMIT 1 [ RunTime:0.000000s ]
[ sql ] [ SQL ] SHOW COLUMNS FROM `tplay_admin_menu` [ RunTime:0.012000s ]
[ sql ] [ SQL ] SELECT * FROM `tplay_admin_menu` WHERE  `module` = 'index'  AND `controller` = 'Index'  AND `function` = 'index'  AND `type` = 1  AND `parameter` = '=' LIMIT 1 [ RunTime:0.001000s ]
[ sql ] [ SQL ] SELECT * FROM `tplay_admin_menu` WHERE  `module` = 'index'  AND `controller` = 'Index'  AND `function` = 'index'  AND `type` = 1 LIMIT 1 [ RunTime:0.002000s ]
---------------------------------------------------------------
[ 2019-04-12T10:29:02+08:00 ] 127.0.0.1 GET www.xiaofang.com/?name=&tel=&pro=
[运行时间：0.121007s] [吞吐率：8.26req/s] [内存消耗：2,616.19kb] [文件加载：54]
[ info ] [ LANG ] D:\Project\xiaofang\thinkphp\lang\zh-cn.php
[ info ] [ DB ] INIT mysql
[ info ] [ ROUTE ] array (
  'type' => 'module',
  'module' => 
  array (
    0 => '',
    1 => NULL,
    2 => NULL,
  ),
)
[ info ] [ HEADER ] array (
  'host' => 'www.xiaofang.com',
  'connection' => 'keep-alive',
  'upgrade-insecure-requests' => '1',
  'user-agent' => 'Mozilla/5.0 (Windows NT 6.1; WOW64) AppleWebKit/537.36 (KHTML, like Gecko) Chrome/72.0.3626.121 Safari/537.36',
  'accept' => 'text/html,application/xhtml+xml,application/xml;q=0.9,image/webp,image/apng,*/*;q=0.8',
  'referer' => 'http://www.xiaofang.com/',
  'accept-encoding' => 'gzip, deflate',
  'accept-language' => 'zh-CN,zh;q=0.9,en;q=0.8',
  'cookie' => 'PHPSESSID=43f3p4odtfke1fbiiv4bnljlq4',
)
[ info ] [ PARAM ] array (
  'name' => '',
  'tel' => '',
  'pro' => '',
)
[ info ] [ SESSION ] INIT array (
  'id' => '',
  'var_session_id' => '',
  'prefix' => 'think',
  'type' => '',
  'auto_start' => true,
)
[ info ] [ RUN ] app\index\controller\Index->index[ D:\Project\xiaofang\app\index\controller\Index.php ]
[ info ] [ VIEW ] D:\Project\xiaofang\public/../app/index\view\index\index.html [ array (
) ]
[ info ] [ LOG ] INIT File
[ sql ] [ DB ] CONNECT:[ UseTime:0.003000s ] mysql:host=127.0.0.1;port=3306;dbname=xiaofang;charset=utf8
[ sql ] [ SQL ] SHOW COLUMNS FROM `tplay_urlconfig` [ RunTime:0.013001s ]
[ sql ] [ SQL ] SELECT `aliases`,`url` FROM `tplay_urlconfig` WHERE  `status` = 1 [ RunTime:0.001000s ]
[ sql ] [ SQL ] SHOW COLUMNS FROM `tplay_webconfig` [ RunTime:0.016001s ]
[ sql ] [ SQL ] SELECT `black_ip` FROM `tplay_webconfig` WHERE  `web` = 'web' LIMIT 1 [ RunTime:0.001000s ]
[ sql ] [ SQL ] SHOW COLUMNS FROM `tplay_admin_cate` [ RunTime:0.013000s ]
[ sql ] [ SQL ] SELECT `permissions` FROM `tplay_admin_cate` WHERE  `id` = 1 LIMIT 1 [ RunTime:0.001001s ]
[ sql ] [ SQL ] SHOW COLUMNS FROM `tplay_admin_menu` [ RunTime:0.011000s ]
[ sql ] [ SQL ] SELECT * FROM `tplay_admin_menu` WHERE  `module` = 'index'  AND `controller` = 'Index'  AND `function` = 'index'  AND `type` = 1  AND `parameter` = '=' LIMIT 1 [ RunTime:0.001000s ]
[ sql ] [ SQL ] SELECT * FROM `tplay_admin_menu` WHERE  `module` = 'index'  AND `controller` = 'Index'  AND `function` = 'index'  AND `type` = 1 LIMIT 1 [ RunTime:0.001000s ]
---------------------------------------------------------------
[ 2019-04-12T10:29:53+08:00 ] 127.0.0.1 GET www.xiaofang.com/?name=&tel=&pro=
[运行时间：0.146009s] [吞吐率：6.85req/s] [内存消耗：2,876.11kb] [文件加载：57]
[ info ] [ LANG ] D:\Project\xiaofang\thinkphp\lang\zh-cn.php
[ info ] [ DB ] INIT mysql
[ info ] [ ROUTE ] array (
  'type' => 'module',
  'module' => 
  array (
    0 => '',
    1 => NULL,
    2 => NULL,
  ),
)
[ info ] [ HEADER ] array (
  'host' => 'www.xiaofang.com',
  'connection' => 'keep-alive',
  'cache-control' => 'max-age=0',
  'upgrade-insecure-requests' => '1',
  'user-agent' => 'Mozilla/5.0 (Windows NT 6.1; WOW64) AppleWebKit/537.36 (KHTML, like Gecko) Chrome/72.0.3626.121 Safari/537.36',
  'accept' => 'text/html,application/xhtml+xml,application/xml;q=0.9,image/webp,image/apng,*/*;q=0.8',
  'referer' => 'http://www.xiaofang.com/',
  'accept-encoding' => 'gzip, deflate',
  'accept-language' => 'zh-CN,zh;q=0.9,en;q=0.8',
  'cookie' => 'PHPSESSID=43f3p4odtfke1fbiiv4bnljlq4',
)
[ info ] [ PARAM ] array (
  'name' => '',
  'tel' => '',
  'pro' => '',
)
[ info ] [ SESSION ] INIT array (
  'id' => '',
  'var_session_id' => '',
  'prefix' => 'think',
  'type' => '',
  'auto_start' => true,
)
[ info ] [ RUN ] app\index\controller\Index->index[ D:\Project\xiaofang\app\index\controller\Index.php ]
[ info ] [ VIEW ] D:\Project\xiaofang\public/../app/index\view\index\index.html [ array (
) ]
[ info ] [ LOG ] INIT File
[ sql ] [ DB ] CONNECT:[ UseTime:0.011001s ] mysql:host=127.0.0.1;port=3306;dbname=xiaofang;charset=utf8
[ sql ] [ SQL ] SHOW COLUMNS FROM `tplay_urlconfig` [ RunTime:0.011001s ]
[ sql ] [ SQL ] SELECT `aliases`,`url` FROM `tplay_urlconfig` WHERE  `status` = 1 [ RunTime:0.000000s ]
[ sql ] [ SQL ] SHOW COLUMNS FROM `tplay_webconfig` [ RunTime:0.011000s ]
[ sql ] [ SQL ] SELECT `black_ip` FROM `tplay_webconfig` WHERE  `web` = 'web' LIMIT 1 [ RunTime:0.001000s ]
[ sql ] [ SQL ] SHOW COLUMNS FROM `tplay_admin_cate` [ RunTime:0.011000s ]
[ sql ] [ SQL ] SELECT `permissions` FROM `tplay_admin_cate` WHERE  `id` = 1 LIMIT 1 [ RunTime:0.001000s ]
[ sql ] [ SQL ] SHOW COLUMNS FROM `tplay_admin_menu` [ RunTime:0.011001s ]
[ sql ] [ SQL ] SELECT * FROM `tplay_admin_menu` WHERE  `module` = 'index'  AND `controller` = 'Index'  AND `function` = 'index'  AND `type` = 1  AND `parameter` = '=' LIMIT 1 [ RunTime:0.001000s ]
[ sql ] [ SQL ] SELECT * FROM `tplay_admin_menu` WHERE  `module` = 'index'  AND `controller` = 'Index'  AND `function` = 'index'  AND `type` = 1 LIMIT 1 [ RunTime:0.001000s ]
---------------------------------------------------------------
[ 2019-04-12T10:29:59+08:00 ] 127.0.0.1 GET www.xiaofang.com/
[运行时间：0.149008s] [吞吐率：6.71req/s] [内存消耗：2,702.52kb] [文件加载：55]
[ info ] [ LANG ] D:\Project\xiaofang\thinkphp\lang\zh-cn.php
[ info ] [ DB ] INIT mysql
[ info ] [ ROUTE ] array (
  'type' => 'module',
  'module' => 
  array (
    0 => '',
    1 => NULL,
    2 => NULL,
  ),
)
[ info ] [ HEADER ] array (
  'host' => 'www.xiaofang.com',
  'connection' => 'keep-alive',
  'purpose' => 'prefetch',
  'upgrade-insecure-requests' => '1',
  'user-agent' => 'Mozilla/5.0 (Windows NT 6.1; WOW64) AppleWebKit/537.36 (KHTML, like Gecko) Chrome/72.0.3626.121 Safari/537.36',
  'accept' => 'text/html,application/xhtml+xml,application/xml;q=0.9,image/webp,image/apng,*/*;q=0.8',
  'accept-encoding' => 'gzip, deflate',
  'accept-language' => 'zh-CN,zh;q=0.9,en;q=0.8',
  'cookie' => 'PHPSESSID=43f3p4odtfke1fbiiv4bnljlq4',
)
[ info ] [ PARAM ] array (
)
[ info ] [ SESSION ] INIT array (
  'id' => '',
  'var_session_id' => '',
  'prefix' => 'think',
  'type' => '',
  'auto_start' => true,
)
[ info ] [ RUN ] app\index\controller\Index->index[ D:\Project\xiaofang\app\index\controller\Index.php ]
[ info ] [ VIEW ] D:\Project\xiaofang\public/../app/index\view\index\index.html [ array (
) ]
[ info ] [ LOG ] INIT File
[ sql ] [ DB ] CONNECT:[ UseTime:0.006001s ] mysql:host=127.0.0.1;port=3306;dbname=xiaofang;charset=utf8
[ sql ] [ SQL ] SHOW COLUMNS FROM `tplay_urlconfig` [ RunTime:0.016001s ]
[ sql ] [ SQL ] SELECT `aliases`,`url` FROM `tplay_urlconfig` WHERE  `status` = 1 [ RunTime:0.001000s ]
[ sql ] [ SQL ] SHOW COLUMNS FROM `tplay_webconfig` [ RunTime:0.012000s ]
[ sql ] [ SQL ] SELECT `black_ip` FROM `tplay_webconfig` WHERE  `web` = 'web' LIMIT 1 [ RunTime:0.000000s ]
[ sql ] [ SQL ] SHOW COLUMNS FROM `tplay_admin_cate` [ RunTime:0.011000s ]
[ sql ] [ SQL ] SELECT `permissions` FROM `tplay_admin_cate` WHERE  `id` = 1 LIMIT 1 [ RunTime:0.001000s ]
[ sql ] [ SQL ] SHOW COLUMNS FROM `tplay_admin_menu` [ RunTime:0.010001s ]
[ sql ] [ SQL ] SELECT * FROM `tplay_admin_menu` WHERE  `module` = 'index'  AND `controller` = 'Index'  AND `function` = 'index'  AND `type` = 1  AND `parameter` = '=' LIMIT 1 [ RunTime:0.001000s ]
[ sql ] [ SQL ] SELECT * FROM `tplay_admin_menu` WHERE  `module` = 'index'  AND `controller` = 'Index'  AND `function` = 'index'  AND `type` = 1 LIMIT 1 [ RunTime:0.001000s ]
---------------------------------------------------------------
[ 2019-04-12T10:29:59+08:00 ] 127.0.0.1 GET www.xiaofang.com/
[运行时间：0.126008s] [吞吐率：7.94req/s] [内存消耗：2,702.48kb] [文件加载：55]
[ info ] [ LANG ] D:\Project\xiaofang\thinkphp\lang\zh-cn.php
[ info ] [ DB ] INIT mysql
[ info ] [ ROUTE ] array (
  'type' => 'module',
  'module' => 
  array (
    0 => '',
    1 => NULL,
    2 => NULL,
  ),
)
[ info ] [ HEADER ] array (
  'host' => 'www.xiaofang.com',
  'connection' => 'keep-alive',
  'upgrade-insecure-requests' => '1',
  'user-agent' => 'Mozilla/5.0 (Windows NT 6.1; WOW64) AppleWebKit/537.36 (KHTML, like Gecko) Chrome/72.0.3626.121 Safari/537.36',
  'accept' => 'text/html,application/xhtml+xml,application/xml;q=0.9,image/webp,image/apng,*/*;q=0.8',
  'accept-encoding' => 'gzip, deflate',
  'accept-language' => 'zh-CN,zh;q=0.9,en;q=0.8',
  'cookie' => 'PHPSESSID=43f3p4odtfke1fbiiv4bnljlq4',
)
[ info ] [ PARAM ] array (
)
[ info ] [ SESSION ] INIT array (
  'id' => '',
  'var_session_id' => '',
  'prefix' => 'think',
  'type' => '',
  'auto_start' => true,
)
[ info ] [ RUN ] app\index\controller\Index->index[ D:\Project\xiaofang\app\index\controller\Index.php ]
[ info ] [ VIEW ] D:\Project\xiaofang\public/../app/index\view\index\index.html [ array (
) ]
[ info ] [ LOG ] INIT File
[ sql ] [ DB ] CONNECT:[ UseTime:0.002000s ] mysql:host=127.0.0.1;port=3306;dbname=xiaofang;charset=utf8
[ sql ] [ SQL ] SHOW COLUMNS FROM `tplay_urlconfig` [ RunTime:0.013001s ]
[ sql ] [ SQL ] SELECT `aliases`,`url` FROM `tplay_urlconfig` WHERE  `status` = 1 [ RunTime:0.001000s ]
[ sql ] [ SQL ] SHOW COLUMNS FROM `tplay_webconfig` [ RunTime:0.011000s ]
[ sql ] [ SQL ] SELECT `black_ip` FROM `tplay_webconfig` WHERE  `web` = 'web' LIMIT 1 [ RunTime:0.000000s ]
[ sql ] [ SQL ] SHOW COLUMNS FROM `tplay_admin_cate` [ RunTime:0.013000s ]
[ sql ] [ SQL ] SELECT `permissions` FROM `tplay_admin_cate` WHERE  `id` = 1 LIMIT 1 [ RunTime:0.001000s ]
[ sql ] [ SQL ] SHOW COLUMNS FROM `tplay_admin_menu` [ RunTime:0.013001s ]
[ sql ] [ SQL ] SELECT * FROM `tplay_admin_menu` WHERE  `module` = 'index'  AND `controller` = 'Index'  AND `function` = 'index'  AND `type` = 1  AND `parameter` = '=' LIMIT 1 [ RunTime:0.001000s ]
[ sql ] [ SQL ] SELECT * FROM `tplay_admin_menu` WHERE  `module` = 'index'  AND `controller` = 'Index'  AND `function` = 'index'  AND `type` = 1 LIMIT 1 [ RunTime:0.001000s ]
---------------------------------------------------------------
[ 2019-04-12T10:30:03+08:00 ] 127.0.0.1 POST www.xiaofang.com/index/index/cond.shtml
[运行时间：0.115007s] [吞吐率：8.70req/s] [内存消耗：2,640.63kb] [文件加载：55]
[ info ] [ LANG ] D:\Project\xiaofang\thinkphp\lang\zh-cn.php
[ info ] [ DB ] INIT mysql
[ info ] [ ROUTE ] array (
  'type' => 'module',
  'module' => 
  array (
    0 => 'index',
    1 => 'index',
    2 => 'cond',
  ),
)
[ info ] [ HEADER ] array (
  'host' => 'www.xiaofang.com',
  'connection' => 'keep-alive',
  'content-length' => '9',
  'accept' => '*/*',
  'origin' => 'http://www.xiaofang.com',
  'x-requested-with' => 'XMLHttpRequest',
  'user-agent' => 'Mozilla/5.0 (Windows NT 6.1; WOW64) AppleWebKit/537.36 (KHTML, like Gecko) Chrome/72.0.3626.121 Safari/537.36',
  'content-type' => 'application/x-www-form-urlencoded; charset=UTF-8',
  'referer' => 'http://www.xiaofang.com/',
  'accept-encoding' => 'gzip, deflate',
  'accept-language' => 'zh-CN,zh;q=0.9,en;q=0.8',
  'cookie' => 'PHPSESSID=43f3p4odtfke1fbiiv4bnljlq4',
)
[ info ] [ PARAM ] array (
  'pro' => '',
  'tel' => '',
)
[ info ] [ SESSION ] INIT array (
  'id' => '',
  'var_session_id' => '',
  'prefix' => 'think',
  'type' => '',
  'auto_start' => true,
)
[ info ] [ RUN ] app\index\controller\Index->cond[ D:\Project\xiaofang\app\index\controller\Index.php ]
[ info ] [ LOG ] INIT File
[ sql ] [ DB ] CONNECT:[ UseTime:0.011001s ] mysql:host=127.0.0.1;port=3306;dbname=xiaofang;charset=utf8
[ sql ] [ SQL ] SHOW COLUMNS FROM `tplay_urlconfig` [ RunTime:0.010001s ]
[ sql ] [ SQL ] SELECT `aliases`,`url` FROM `tplay_urlconfig` WHERE  `status` = 1 [ RunTime:0.000000s ]
[ sql ] [ SQL ] SHOW COLUMNS FROM `tplay_webconfig` [ RunTime:0.011001s ]
[ sql ] [ SQL ] SELECT `black_ip` FROM `tplay_webconfig` WHERE  `web` = 'web' LIMIT 1 [ RunTime:0.001000s ]
[ sql ] [ SQL ] SHOW COLUMNS FROM `tplay_admin_cate` [ RunTime:0.010001s ]
[ sql ] [ SQL ] SELECT `permissions` FROM `tplay_admin_cate` WHERE  `id` = 1 LIMIT 1 [ RunTime:0.000000s ]
[ sql ] [ SQL ] SHOW COLUMNS FROM `tplay_admin_menu` [ RunTime:0.011000s ]
[ sql ] [ SQL ] SELECT * FROM `tplay_admin_menu` WHERE  `module` = 'index'  AND `controller` = 'Index'  AND `function` = 'cond'  AND `type` = 1  AND `parameter` = 'pro=&tel=' LIMIT 1 [ RunTime:0.001000s ]
[ sql ] [ SQL ] SELECT * FROM `tplay_admin_menu` WHERE  `module` = 'index'  AND `controller` = 'Index'  AND `function` = 'cond'  AND `type` = 1 LIMIT 1 [ RunTime:0.001001s ]
---------------------------------------------------------------
[ 2019-04-12T10:30:09+08:00 ] 127.0.0.1 POST www.xiaofang.com/index/index/cond.shtml
[运行时间：0.555032s] [吞吐率：1.80req/s] [内存消耗：2,703.28kb] [文件加载：56]
[ info ] [ LANG ] D:\Project\xiaofang\thinkphp\lang\zh-cn.php
[ info ] [ DB ] INIT mysql
[ info ] [ ROUTE ] array (
  'type' => 'module',
  'module' => 
  array (
    0 => 'index',
    1 => 'index',
    2 => 'cond',
  ),
)
[ info ] [ HEADER ] array (
  'host' => 'www.xiaofang.com',
  'connection' => 'keep-alive',
  'content-length' => '37',
  'accept' => '*/*',
  'origin' => 'http://www.xiaofang.com',
  'x-requested-with' => 'XMLHttpRequest',
  'user-agent' => 'Mozilla/5.0 (Windows NT 6.1; WOW64) AppleWebKit/537.36 (KHTML, like Gecko) Chrome/72.0.3626.121 Safari/537.36',
  'content-type' => 'application/x-www-form-urlencoded; charset=UTF-8',
  'referer' => 'http://www.xiaofang.com/',
  'accept-encoding' => 'gzip, deflate',
  'accept-language' => 'zh-CN,zh;q=0.9,en;q=0.8',
  'cookie' => 'PHPSESSID=43f3p4odtfke1fbiiv4bnljlq4',
)
[ info ] [ PARAM ] array (
  'edu' => '1',
  'years' => '2',
  'pro' => 'xxx',
  'tel' => '13832168995',
)
[ info ] [ SESSION ] INIT array (
  'id' => '',
  'var_session_id' => '',
  'prefix' => 'think',
  'type' => '',
  'auto_start' => true,
)
[ info ] [ RUN ] app\index\controller\Index->cond[ D:\Project\xiaofang\app\index\controller\Index.php ]
[ info ] [ LOG ] INIT File
[ sql ] [ DB ] CONNECT:[ UseTime:0.011001s ] mysql:host=127.0.0.1;port=3306;dbname=xiaofang;charset=utf8
[ sql ] [ SQL ] SHOW COLUMNS FROM `tplay_urlconfig` [ RunTime:0.011000s ]
[ sql ] [ SQL ] SELECT `aliases`,`url` FROM `tplay_urlconfig` WHERE  `status` = 1 [ RunTime:0.001000s ]
[ sql ] [ SQL ] SHOW COLUMNS FROM `tplay_webconfig` [ RunTime:0.011001s ]
[ sql ] [ SQL ] SELECT `black_ip` FROM `tplay_webconfig` WHERE  `web` = 'web' LIMIT 1 [ RunTime:0.001000s ]
[ sql ] [ SQL ] SHOW COLUMNS FROM `tplay_admin_cate` [ RunTime:0.011000s ]
[ sql ] [ SQL ] SELECT `permissions` FROM `tplay_admin_cate` WHERE  `id` = 1 LIMIT 1 [ RunTime:0.000000s ]
[ sql ] [ SQL ] SHOW COLUMNS FROM `tplay_admin_menu` [ RunTime:0.010001s ]
[ sql ] [ SQL ] SELECT * FROM `tplay_admin_menu` WHERE  `module` = 'index'  AND `controller` = 'Index'  AND `function` = 'cond'  AND `type` = 1  AND `parameter` = 'edu=1&years=2&pro=xxx&tel=13832168995' LIMIT 1 [ RunTime:0.001000s ]
[ sql ] [ SQL ] SELECT * FROM `tplay_admin_menu` WHERE  `module` = 'index'  AND `controller` = 'Index'  AND `function` = 'cond'  AND `type` = 1 LIMIT 1 [ RunTime:0.001000s ]
[ sql ] [ SQL ] SHOW COLUMNS FROM `tplay_user_home` [ RunTime:0.336019s ]
[ sql ] [ SQL ] INSERT INTO `tplay_user_home` (`edu` , `years` , `pro` , `tel` , `createtime`) VALUES (1 , 2 , 'xxx' , '13832168995' , 1555036208) [ RunTime:0.103006s ]
---------------------------------------------------------------
[ 2019-04-12T10:30:10+08:00 ] 127.0.0.1 GET www.xiaofang.com/index/index/index.shtml
[运行时间：0.118007s] [吞吐率：8.47req/s] [内存消耗：2,701.81kb] [文件加载：55]
[ info ] [ LANG ] D:\Project\xiaofang\thinkphp\lang\zh-cn.php
[ info ] [ DB ] INIT mysql
[ info ] [ ROUTE ] array (
  'type' => 'module',
  'module' => 
  array (
    0 => 'index',
    1 => 'index',
    2 => 'index',
  ),
)
[ info ] [ HEADER ] array (
  'host' => 'www.xiaofang.com',
  'connection' => 'keep-alive',
  'upgrade-insecure-requests' => '1',
  'user-agent' => 'Mozilla/5.0 (Windows NT 6.1; WOW64) AppleWebKit/537.36 (KHTML, like Gecko) Chrome/72.0.3626.121 Safari/537.36',
  'accept' => 'text/html,application/xhtml+xml,application/xml;q=0.9,image/webp,image/apng,*/*;q=0.8',
  'referer' => 'http://www.xiaofang.com/',
  'accept-encoding' => 'gzip, deflate',
  'accept-language' => 'zh-CN,zh;q=0.9,en;q=0.8',
  'cookie' => 'PHPSESSID=43f3p4odtfke1fbiiv4bnljlq4',
)
[ info ] [ PARAM ] array (
)
[ info ] [ SESSION ] INIT array (
  'id' => '',
  'var_session_id' => '',
  'prefix' => 'think',
  'type' => '',
  'auto_start' => true,
)
[ info ] [ RUN ] app\index\controller\Index->index[ D:\Project\xiaofang\app\index\controller\Index.php ]
[ info ] [ VIEW ] D:\Project\xiaofang\public/../app/index\view\index\index.html [ array (
) ]
[ info ] [ LOG ] INIT File
[ sql ] [ DB ] CONNECT:[ UseTime:0.011001s ] mysql:host=127.0.0.1;port=3306;dbname=xiaofang;charset=utf8
[ sql ] [ SQL ] SHOW COLUMNS FROM `tplay_urlconfig` [ RunTime:0.012001s ]
[ sql ] [ SQL ] SELECT `aliases`,`url` FROM `tplay_urlconfig` WHERE  `status` = 1 [ RunTime:0.000000s ]
[ sql ] [ SQL ] SHOW COLUMNS FROM `tplay_webconfig` [ RunTime:0.012001s ]
[ sql ] [ SQL ] SELECT `black_ip` FROM `tplay_webconfig` WHERE  `web` = 'web' LIMIT 1 [ RunTime:0.001000s ]
[ sql ] [ SQL ] SHOW COLUMNS FROM `tplay_admin_cate` [ RunTime:0.011001s ]
[ sql ] [ SQL ] SELECT `permissions` FROM `tplay_admin_cate` WHERE  `id` = 1 LIMIT 1 [ RunTime:0.001000s ]
[ sql ] [ SQL ] SHOW COLUMNS FROM `tplay_admin_menu` [ RunTime:0.011000s ]
[ sql ] [ SQL ] SELECT * FROM `tplay_admin_menu` WHERE  `module` = 'index'  AND `controller` = 'Index'  AND `function` = 'index'  AND `type` = 1 LIMIT 1 [ RunTime:0.001000s ]
---------------------------------------------------------------
[ 2019-04-12T10:31:52+08:00 ] 127.0.0.1 GET www.xiaofang.com/index/index/index.shtml
[运行时间：0.141008s] [吞吐率：7.09req/s] [内存消耗：2,865.30kb] [文件加载：57]
[ info ] [ LANG ] D:\Project\xiaofang\thinkphp\lang\zh-cn.php
[ info ] [ DB ] INIT mysql
[ info ] [ ROUTE ] array (
  'type' => 'module',
  'module' => 
  array (
    0 => 'index',
    1 => 'index',
    2 => 'index',
  ),
)
[ info ] [ HEADER ] array (
  'host' => 'www.xiaofang.com',
  'connection' => 'keep-alive',
  'cache-control' => 'max-age=0',
  'upgrade-insecure-requests' => '1',
  'user-agent' => 'Mozilla/5.0 (Windows NT 6.1; WOW64) AppleWebKit/537.36 (KHTML, like Gecko) Chrome/72.0.3626.121 Safari/537.36',
  'accept' => 'text/html,application/xhtml+xml,application/xml;q=0.9,image/webp,image/apng,*/*;q=0.8',
  'referer' => 'http://www.xiaofang.com/',
  'accept-encoding' => 'gzip, deflate',
  'accept-language' => 'zh-CN,zh;q=0.9,en;q=0.8',
  'cookie' => 'PHPSESSID=43f3p4odtfke1fbiiv4bnljlq4',
)
[ info ] [ PARAM ] array (
)
[ info ] [ SESSION ] INIT array (
  'id' => '',
  'var_session_id' => '',
  'prefix' => 'think',
  'type' => '',
  'auto_start' => true,
)
[ info ] [ RUN ] app\index\controller\Index->index[ D:\Project\xiaofang\app\index\controller\Index.php ]
[ info ] [ VIEW ] D:\Project\xiaofang\public/../app/index\view\index\index.html [ array (
) ]
[ info ] [ LOG ] INIT File
[ sql ] [ DB ] CONNECT:[ UseTime:0.011001s ] mysql:host=127.0.0.1;port=3306;dbname=xiaofang;charset=utf8
[ sql ] [ SQL ] SHOW COLUMNS FROM `tplay_urlconfig` [ RunTime:0.012001s ]
[ sql ] [ SQL ] SELECT `aliases`,`url` FROM `tplay_urlconfig` WHERE  `status` = 1 [ RunTime:0.001000s ]
[ sql ] [ SQL ] SHOW COLUMNS FROM `tplay_webconfig` [ RunTime:0.010000s ]
[ sql ] [ SQL ] SELECT `black_ip` FROM `tplay_webconfig` WHERE  `web` = 'web' LIMIT 1 [ RunTime:0.002000s ]
[ sql ] [ SQL ] SHOW COLUMNS FROM `tplay_admin_cate` [ RunTime:0.015000s ]
[ sql ] [ SQL ] SELECT `permissions` FROM `tplay_admin_cate` WHERE  `id` = 1 LIMIT 1 [ RunTime:0.000000s ]
[ sql ] [ SQL ] SHOW COLUMNS FROM `tplay_admin_menu` [ RunTime:0.010000s ]
[ sql ] [ SQL ] SELECT * FROM `tplay_admin_menu` WHERE  `module` = 'index'  AND `controller` = 'Index'  AND `function` = 'index'  AND `type` = 1 LIMIT 1 [ RunTime:0.001000s ]
---------------------------------------------------------------
[ 2019-04-12T10:39:44+08:00 ] 127.0.0.1 GET www.xiaofang.com/static/xiaofang/css/cube.css.map
[运行时间：0.395023s] [吞吐率：2.53req/s] [内存消耗：2,311.46kb] [文件加载：46]
[ info ] [ LANG ] D:\Project\xiaofang\thinkphp\lang\zh-cn.php
[ info ] [ DB ] INIT mysql
[ info ] [ ROUTE ] array (
  'type' => 'module',
  'module' => 
  array (
    0 => 'static',
    1 => 'xiaofang',
    2 => 'css',
  ),
)
[ info ] [ HEADER ] array (
  'host' => 'www.xiaofang.com',
  'connection' => 'keep-alive',
  'user-agent' => 'Mozilla/5.0 (Windows NT 6.1; WOW64) AppleWebKit/537.36 (KHTML, like Gecko) Chrome/72.0.3626.121 Safari/537.36',
  'accept-encoding' => 'gzip, deflate',
  'accept-language' => 'zh-CN,zh;q=0.9,en;q=0.8',
  'cookie' => 'PHPSESSID=43f3p4odtfke1fbiiv4bnljlq4',
)
[ info ] [ PARAM ] array (
)
[ info ] [ LOG ] INIT File
[ sql ] [ DB ] CONNECT:[ UseTime:0.002000s ] mysql:host=127.0.0.1;port=3306;dbname=xiaofang;charset=utf8
[ sql ] [ SQL ] SHOW COLUMNS FROM `tplay_urlconfig` [ RunTime:0.013001s ]
[ sql ] [ SQL ] SELECT `aliases`,`url` FROM `tplay_urlconfig` WHERE  `status` = 1 [ RunTime:0.001000s ]
---------------------------------------------------------------
[ 2019-04-12T14:14:33+08:00 ] 127.0.0.1 GET www.xiaofang.com/
[运行时间：0.544031s] [吞吐率：1.84req/s] [内存消耗：2,665.12kb] [文件加载：56]
[ info ] [ LANG ] D:\Project\xiaofang\thinkphp\lang\zh-cn.php
[ info ] [ DB ] INIT mysql
[ info ] [ ROUTE ] array (
  'type' => 'module',
  'module' => 
  array (
    0 => '',
    1 => NULL,
    2 => NULL,
  ),
)
[ info ] [ HEADER ] array (
  'host' => 'www.xiaofang.com',
  'connection' => 'keep-alive',
  'upgrade-insecure-requests' => '1',
  'user-agent' => 'Mozilla/5.0 (Windows NT 6.1; WOW64) AppleWebKit/537.36 (KHTML, like Gecko) Chrome/72.0.3626.121 Safari/537.36',
  'accept' => 'text/html,application/xhtml+xml,application/xml;q=0.9,image/webp,image/apng,*/*;q=0.8',
  'accept-encoding' => 'gzip, deflate',
  'accept-language' => 'zh-CN,zh;q=0.9,en;q=0.8',
)
[ info ] [ PARAM ] array (
)
[ info ] [ SESSION ] INIT array (
  'id' => '',
  'var_session_id' => '',
  'prefix' => 'think',
  'type' => '',
  'auto_start' => true,
)
[ info ] [ LOG ] INIT File
[ sql ] [ DB ] CONNECT:[ UseTime:0.006000s ] mysql:host=127.0.0.1;port=3306;dbname=xiaofang;charset=utf8
[ sql ] [ SQL ] SHOW COLUMNS FROM `tplay_urlconfig` [ RunTime:0.020001s ]
[ sql ] [ SQL ] SELECT `aliases`,`url` FROM `tplay_urlconfig` WHERE  `status` = 1 [ RunTime:0.001000s ]
[ sql ] [ SQL ] SHOW COLUMNS FROM `tplay_webconfig` [ RunTime:0.058003s ]
[ sql ] [ SQL ] SELECT `black_ip` FROM `tplay_webconfig` WHERE  `web` = 'web' LIMIT 1 [ RunTime:0.001001s ]
---------------------------------------------------------------
[ 2019-04-12T14:14:33+08:00 ] 127.0.0.1 GET www.xiaofang.com/
[运行时间：0.980056s] [吞吐率：1.02req/s] [内存消耗：2,665.12kb] [文件加载：56]
[ info ] [ LANG ] D:\Project\xiaofang\thinkphp\lang\zh-cn.php
[ info ] [ DB ] INIT mysql
[ info ] [ ROUTE ] array (
  'type' => 'module',
  'module' => 
  array (
    0 => '',
    1 => NULL,
    2 => NULL,
  ),
)
[ info ] [ HEADER ] array (
  'host' => 'www.xiaofang.com',
  'connection' => 'keep-alive',
  'upgrade-insecure-requests' => '1',
  'user-agent' => 'Mozilla/5.0 (Windows NT 6.1; WOW64) AppleWebKit/537.36 (KHTML, like Gecko) Chrome/72.0.3626.121 Safari/537.36',
  'accept' => 'text/html,application/xhtml+xml,application/xml;q=0.9,image/webp,image/apng,*/*;q=0.8',
  'accept-encoding' => 'gzip, deflate',
  'accept-language' => 'zh-CN,zh;q=0.9,en;q=0.8',
)
[ info ] [ PARAM ] array (
)
[ info ] [ SESSION ] INIT array (
  'id' => '',
  'var_session_id' => '',
  'prefix' => 'think',
  'type' => '',
  'auto_start' => true,
)
[ info ] [ LOG ] INIT File
[ sql ] [ DB ] CONNECT:[ UseTime:0.004000s ] mysql:host=127.0.0.1;port=3306;dbname=xiaofang;charset=utf8
[ sql ] [ SQL ] SHOW COLUMNS FROM `tplay_urlconfig` [ RunTime:0.015001s ]
[ sql ] [ SQL ] SELECT `aliases`,`url` FROM `tplay_urlconfig` WHERE  `status` = 1 [ RunTime:0.001000s ]
[ sql ] [ SQL ] SHOW COLUMNS FROM `tplay_webconfig` [ RunTime:0.058003s ]
[ sql ] [ SQL ] SELECT `black_ip` FROM `tplay_webconfig` WHERE  `web` = 'web' LIMIT 1 [ RunTime:0.001001s ]
---------------------------------------------------------------
[ 2019-04-12T14:14:33+08:00 ] 127.0.0.1 GET www.xiaofang.com/admin/common/login.shtml
[运行时间：0.140008s] [吞吐率：7.14req/s] [内存消耗：2,695.46kb] [文件加载：55]
[ info ] [ LANG ] D:\Project\xiaofang\thinkphp\lang\zh-cn.php
[ info ] [ DB ] INIT mysql
[ info ] [ ROUTE ] array (
  'type' => 'module',
  'module' => 
  array (
    0 => 'admin',
    1 => 'common',
    2 => 'login',
  ),
)
[ info ] [ HEADER ] array (
  'host' => 'www.xiaofang.com',
  'connection' => 'keep-alive',
  'upgrade-insecure-requests' => '1',
  'user-agent' => 'Mozilla/5.0 (Windows NT 6.1; WOW64) AppleWebKit/537.36 (KHTML, like Gecko) Chrome/72.0.3626.121 Safari/537.36',
  'accept' => 'text/html,application/xhtml+xml,application/xml;q=0.9,image/webp,image/apng,*/*;q=0.8',
  'accept-encoding' => 'gzip, deflate',
  'accept-language' => 'zh-CN,zh;q=0.9,en;q=0.8',
  'cookie' => 'PHPSESSID=ji40jr9jo8pn0r9ge8eo8rj6b6',
)
[ info ] [ PARAM ] array (
)
[ info ] [ RUN ] app\admin\controller\Common->login[ D:\Project\xiaofang\app\admin\controller\Common.php ]
[ info ] [ SESSION ] INIT array (
  'id' => '',
  'var_session_id' => '',
  'prefix' => 'think',
  'type' => '',
  'auto_start' => true,
)
[ info ] [ VIEW ] D:\Project\xiaofang\public/../app/admin\view\common\login.html [ array (
) ]
[ info ] [ LOG ] INIT File
[ sql ] [ DB ] CONNECT:[ UseTime:0.002000s ] mysql:host=127.0.0.1;port=3306;dbname=xiaofang;charset=utf8
[ sql ] [ SQL ] SHOW COLUMNS FROM `tplay_urlconfig` [ RunTime:0.009001s ]
[ sql ] [ SQL ] SELECT `aliases`,`url` FROM `tplay_urlconfig` WHERE  `status` = 1 [ RunTime:0.000000s ]
---------------------------------------------------------------
[ 2019-04-12T14:14:34+08:00 ] 127.0.0.1 GET www.xiaofang.com/captcha.shtml
[运行时间：1.285074s] [吞吐率：0.78req/s] [内存消耗：2,337.20kb] [文件加载：45]
[ info ] [ LANG ] D:\Project\xiaofang\thinkphp\lang\zh-cn.php
[ info ] [ DB ] INIT mysql
[ info ] [ ROUTE ] array (
  'type' => 'method',
  'method' => 
  array (
    0 => '\\think\\captcha\\CaptchaController',
    1 => 'index',
  ),
  'var' => 
  array (
  ),
)
[ info ] [ HEADER ] array (
  'host' => 'www.xiaofang.com',
  'connection' => 'keep-alive',
  'user-agent' => 'Mozilla/5.0 (Windows NT 6.1; WOW64) AppleWebKit/537.36 (KHTML, like Gecko) Chrome/72.0.3626.121 Safari/537.36',
  'accept' => 'image/webp,image/apng,image/*,*/*;q=0.8',
  'referer' => 'http://www.xiaofang.com/admin/common/login.shtml',
  'accept-encoding' => 'gzip, deflate',
  'accept-language' => 'zh-CN,zh;q=0.9,en;q=0.8',
  'cookie' => 'PHPSESSID=ji40jr9jo8pn0r9ge8eo8rj6b6',
)
[ info ] [ PARAM ] array (
  'id' => NULL,
)
[ info ] [ RUN ] think\captcha\CaptchaController->index[ D:\Project\xiaofang\vendor\topthink\think-captcha\src\CaptchaController.php ]
[ info ] [ SESSION ] INIT array (
  'id' => '',
  'var_session_id' => '',
  'prefix' => 'think',
  'type' => '',
  'auto_start' => true,
)
[ info ] [ LOG ] INIT File
[ sql ] [ DB ] CONNECT:[ UseTime:0.002000s ] mysql:host=127.0.0.1;port=3306;dbname=xiaofang;charset=utf8
[ sql ] [ SQL ] SHOW COLUMNS FROM `tplay_urlconfig` [ RunTime:0.102006s ]
[ sql ] [ SQL ] SELECT `aliases`,`url` FROM `tplay_urlconfig` WHERE  `status` = 1 [ RunTime:0.000000s ]
---------------------------------------------------------------
[ 2019-04-12T14:14:41+08:00 ] 127.0.0.1 POST www.xiaofang.com/admin/common/login.shtml
[运行时间：0.199011s] [吞吐率：5.02req/s] [内存消耗：2,894.20kb] [文件加载：60]
[ info ] [ LANG ] D:\Project\xiaofang\thinkphp\lang\zh-cn.php
[ info ] [ DB ] INIT mysql
[ info ] [ ROUTE ] array (
  'type' => 'module',
  'module' => 
  array (
    0 => 'admin',
    1 => 'common',
    2 => 'login',
  ),
)
[ info ] [ HEADER ] array (
  'host' => 'www.xiaofang.com',
  'connection' => 'keep-alive',
  'content-length' => '89',
  'accept' => '*/*',
  'origin' => 'http://www.xiaofang.com',
  'x-requested-with' => 'XMLHttpRequest',
  'user-agent' => 'Mozilla/5.0 (Windows NT 6.1; WOW64) AppleWebKit/537.36 (KHTML, like Gecko) Chrome/72.0.3626.121 Safari/537.36',
  'content-type' => 'application/x-www-form-urlencoded; charset=UTF-8',
  'referer' => 'http://www.xiaofang.com/admin/common/login.shtml',
  'accept-encoding' => 'gzip, deflate',
  'accept-language' => 'zh-CN,zh;q=0.9,en;q=0.8',
  'cookie' => 'PHPSESSID=ji40jr9jo8pn0r9ge8eo8rj6b6',
)
[ info ] [ PARAM ] array (
  'name' => 'admin',
  'password' => 'admin',
  'captcha' => 'wzpr',
  '__token__' => '311c2c4dca1d1f3f8245a7c74310c66a4d87a63d',
)
[ info ] [ RUN ] app\admin\controller\Common->login[ D:\Project\xiaofang\app\admin\controller\Common.php ]
[ info ] [ SESSION ] INIT array (
  'id' => '',
  'var_session_id' => '',
  'prefix' => 'think',
  'type' => '',
  'auto_start' => true,
)
[ info ] [ CACHE ] INIT File
[ info ] [ LOG ] INIT File
[ sql ] [ DB ] CONNECT:[ UseTime:0.002000s ] mysql:host=127.0.0.1;port=3306;dbname=xiaofang;charset=utf8
[ sql ] [ SQL ] SHOW COLUMNS FROM `tplay_urlconfig` [ RunTime:0.009001s ]
[ sql ] [ SQL ] SELECT `aliases`,`url` FROM `tplay_urlconfig` WHERE  `status` = 1 [ RunTime:0.001000s ]
[ sql ] [ SQL ] SHOW COLUMNS FROM `tplay_admin` [ RunTime:0.030001s ]
[ sql ] [ SQL ] SELECT * FROM `tplay_admin` WHERE  `name` = 'admin' LIMIT 1 [ RunTime:0.001000s ]
[ sql ] [ SQL ] UPDATE `tplay_admin`  SET `login_ip`='127.0.0.1',`login_time`=1555049681  WHERE  `id` = 1 [ RunTime:0.001001s ]
[ sql ] [ SQL ] SHOW COLUMNS FROM `tplay_webconfig` [ RunTime:0.010000s ]
[ sql ] [ SQL ] SELECT * FROM `tplay_webconfig` WHERE  `web` = 'web' LIMIT 1 [ RunTime:0.001000s ]
[ sql ] [ SQL ] SHOW COLUMNS FROM `tplay_admin_menu` [ RunTime:0.021001s ]
[ sql ] [ SQL ] SELECT `id` FROM `tplay_admin_menu` WHERE  `module` = 'admin'  AND `controller` = 'Common'  AND `function` = 'login'  AND `parameter` = 'common=' LIMIT 1 [ RunTime:0.001000s ]
[ sql ] [ SQL ] SELECT `id` FROM `tplay_admin_menu` WHERE  `module` = 'admin'  AND `controller` = 'Common'  AND `function` = 'login' LIMIT 1 [ RunTime:0.001000s ]
[ sql ] [ SQL ] SHOW COLUMNS FROM `tplay_admin_log` [ RunTime:0.011000s ]
[ sql ] [ SQL ] INSERT INTO `tplay_admin_log` (`operation_id` , `admin_id` , `ip` , `create_time` , `admin_menu_id`) VALUES ('' , 1 , '127.0.0.1' , 1555049681 , 50) [ RunTime:0.001000s ]
---------------------------------------------------------------
[ 2019-04-12T14:14:42+08:00 ] 127.0.0.1 GET www.xiaofang.com/admin/index/index.shtml
[运行时间：0.229013s] [吞吐率：4.37req/s] [内存消耗：2,783.38kb] [文件加载：55]
[ info ] [ LANG ] D:\Project\xiaofang\thinkphp\lang\zh-cn.php
[ info ] [ DB ] INIT mysql
[ info ] [ ROUTE ] array (
  'type' => 'module',
  'module' => 
  array (
    0 => 'admin',
    1 => 'index',
    2 => 'index',
  ),
)
[ info ] [ HEADER ] array (
  'host' => 'www.xiaofang.com',
  'connection' => 'keep-alive',
  'upgrade-insecure-requests' => '1',
  'user-agent' => 'Mozilla/5.0 (Windows NT 6.1; WOW64) AppleWebKit/537.36 (KHTML, like Gecko) Chrome/72.0.3626.121 Safari/537.36',
  'accept' => 'text/html,application/xhtml+xml,application/xml;q=0.9,image/webp,image/apng,*/*;q=0.8',
  'referer' => 'http://www.xiaofang.com/admin/common/login.shtml',
  'accept-encoding' => 'gzip, deflate',
  'accept-language' => 'zh-CN,zh;q=0.9,en;q=0.8',
  'cookie' => 'PHPSESSID=ji40jr9jo8pn0r9ge8eo8rj6b6',
)
[ info ] [ PARAM ] array (
)
[ info ] [ SESSION ] INIT array (
  'id' => '',
  'var_session_id' => '',
  'prefix' => 'think',
  'type' => '',
  'auto_start' => true,
)
[ info ] [ RUN ] app\admin\controller\Index->index[ D:\Project\xiaofang\app\admin\controller\Index.php ]
[ info ] [ VIEW ] D:\Project\xiaofang\public/../app/admin\view\index\index.html [ array (
  0 => 'menus',
  1 => 'cookie',
) ]
[ info ] [ LOG ] INIT File
[ sql ] [ DB ] CONNECT:[ UseTime:0.002000s ] mysql:host=127.0.0.1;port=3306;dbname=xiaofang;charset=utf8
[ sql ] [ SQL ] SHOW COLUMNS FROM `tplay_urlconfig` [ RunTime:0.010001s ]
[ sql ] [ SQL ] SELECT `aliases`,`url` FROM `tplay_urlconfig` WHERE  `status` = 1 [ RunTime:0.001000s ]
[ sql ] [ SQL ] SHOW COLUMNS FROM `tplay_webconfig` [ RunTime:0.010001s ]
[ sql ] [ SQL ] SELECT `black_ip` FROM `tplay_webconfig` WHERE  `web` = 'web' LIMIT 1 [ RunTime:0.000000s ]
[ sql ] [ SQL ] SHOW COLUMNS FROM `tplay_admin_cate` [ RunTime:0.013000s ]
[ sql ] [ SQL ] SELECT `permissions` FROM `tplay_admin_cate` WHERE  `id` = 1 LIMIT 1 [ RunTime:0.001001s ]
[ sql ] [ SQL ] SHOW COLUMNS FROM `tplay_admin_menu` [ RunTime:0.012000s ]
[ sql ] [ SQL ] SELECT * FROM `tplay_admin_menu` WHERE  `module` = 'admin'  AND `controller` = 'Index'  AND `function` = 'index'  AND `type` = 1 LIMIT 1 [ RunTime:0.000000s ]
[ sql ] [ SQL ] SELECT * FROM `tplay_admin_menu` WHERE  `is_display` = 1 ORDER BY `orders` ASC [ RunTime:0.001000s ]
[ sql ] [ SQL ] SELECT `permissions` FROM `tplay_admin_cate` WHERE  `id` = 1 LIMIT 1 [ RunTime:0.001001s ]
[ sql ] [ SQL ] SHOW COLUMNS FROM `tplay_admin` [ RunTime:0.012000s ]
[ sql ] [ SQL ] SELECT * FROM `tplay_admin` WHERE  `id` = 1 LIMIT 1 [ RunTime:0.000000s ]
[ sql ] [ SQL ] SHOW COLUMNS FROM `tplay_attachment` [ RunTime:0.038002s ]
[ sql ] [ SQL ] SELECT * FROM `tplay_attachment` WHERE  `id` = 2 LIMIT 1 [ RunTime:0.001001s ]
---------------------------------------------------------------
[ 2019-04-12T14:14:45+08:00 ] 127.0.0.1 GET www.xiaofang.com/admin/main/index
[运行时间：1.888108s] [吞吐率：0.53req/s] [内存消耗：2,742.50kb] [文件加载：55]
[ info ] [ LANG ] D:\Project\xiaofang\thinkphp\lang\zh-cn.php
[ info ] [ DB ] INIT mysql
[ info ] [ ROUTE ] array (
  'type' => 'module',
  'module' => 
  array (
    0 => 'admin',
    1 => 'main',
    2 => 'index',
  ),
)
[ info ] [ HEADER ] array (
  'host' => 'www.xiaofang.com',
  'connection' => 'keep-alive',
  'upgrade-insecure-requests' => '1',
  'user-agent' => 'Mozilla/5.0 (Windows NT 6.1; WOW64) AppleWebKit/537.36 (KHTML, like Gecko) Chrome/72.0.3626.121 Safari/537.36',
  'accept' => 'text/html,application/xhtml+xml,application/xml;q=0.9,image/webp,image/apng,*/*;q=0.8',
  'referer' => 'http://www.xiaofang.com/admin/index/index.shtml',
  'accept-encoding' => 'gzip, deflate',
  'accept-language' => 'zh-CN,zh;q=0.9,en;q=0.8',
  'cookie' => 'PHPSESSID=ji40jr9jo8pn0r9ge8eo8rj6b6',
)
[ info ] [ PARAM ] array (
)
[ info ] [ SESSION ] INIT array (
  'id' => '',
  'var_session_id' => '',
  'prefix' => 'think',
  'type' => '',
  'auto_start' => true,
)
[ info ] [ RUN ] app\admin\controller\Main->index[ D:\Project\xiaofang\app\admin\controller\Main.php ]
[ info ] [ VIEW ] D:\Project\xiaofang\public/../app/admin\view\main\index.html [ array (
  0 => 'info',
  1 => 'web',
) ]
[ info ] [ LOG ] INIT File
[ sql ] [ DB ] CONNECT:[ UseTime:0.024002s ] mysql:host=127.0.0.1;port=3306;dbname=xiaofang;charset=utf8
[ sql ] [ SQL ] SHOW COLUMNS FROM `tplay_urlconfig` [ RunTime:0.010000s ]
[ sql ] [ SQL ] SELECT `aliases`,`url` FROM `tplay_urlconfig` WHERE  `status` = 1 [ RunTime:0.001000s ]
[ sql ] [ SQL ] SHOW COLUMNS FROM `tplay_webconfig` [ RunTime:0.013001s ]
[ sql ] [ SQL ] SELECT `black_ip` FROM `tplay_webconfig` WHERE  `web` = 'web' LIMIT 1 [ RunTime:0.001000s ]
[ sql ] [ SQL ] SHOW COLUMNS FROM `tplay_admin_cate` [ RunTime:0.012001s ]
[ sql ] [ SQL ] SELECT `permissions` FROM `tplay_admin_cate` WHERE  `id` = 1 LIMIT 1 [ RunTime:0.001000s ]
[ sql ] [ SQL ] SHOW COLUMNS FROM `tplay_admin_menu` [ RunTime:0.010000s ]
[ sql ] [ SQL ] SELECT * FROM `tplay_admin_menu` WHERE  `module` = 'admin'  AND `controller` = 'Main'  AND `function` = 'index'  AND `type` = 1  AND `parameter` = 'main=' LIMIT 1 [ RunTime:0.001000s ]
[ sql ] [ SQL ] SELECT * FROM `tplay_admin_menu` WHERE  `module` = 'admin'  AND `controller` = 'Main'  AND `function` = 'index'  AND `type` = 1 LIMIT 1 [ RunTime:0.001000s ]
[ sql ] [ SQL ] SHOW COLUMNS FROM `tplay_admin` [ RunTime:0.012001s ]
[ sql ] [ SQL ] SELECT COUNT(*) AS tp_count FROM `tplay_admin` LIMIT 1 [ RunTime:0.001000s ]
[ sql ] [ SQL ] SELECT COUNT(*) AS tp_count FROM `tplay_admin_cate` LIMIT 1 [ RunTime:0.000000s ]
[ sql ] [ SQL ] SELECT `black_ip` FROM `tplay_webconfig` LIMIT 1 [ RunTime:0.001000s ]
[ sql ] [ SQL ] SHOW COLUMNS FROM `tplay_article` [ RunTime:0.298017s ]
[ sql ] [ SQL ] SELECT COUNT(*) AS tp_count FROM `tplay_article` LIMIT 1 [ RunTime:0.002000s ]
[ sql ] [ SQL ] SELECT COUNT(*) AS tp_count FROM `tplay_article` WHERE  `status` = 0 LIMIT 1 [ RunTime:0.000000s ]
[ sql ] [ SQL ] SELECT COUNT(*) AS tp_count FROM `tplay_article` WHERE  `is_top` = 1 LIMIT 1 [ RunTime:0.000000s ]
[ sql ] [ SQL ] SHOW COLUMNS FROM `tplay_attachment` [ RunTime:0.012001s ]
[ sql ] [ SQL ] SELECT COUNT(*) AS tp_count FROM `tplay_attachment` LIMIT 1 [ RunTime:0.003000s ]
[ sql ] [ SQL ] SELECT COUNT(*) AS tp_count FROM `tplay_attachment` WHERE  `status` = 0 LIMIT 1 [ RunTime:0.000000s ]
[ sql ] [ SQL ] SELECT COUNT(*) AS tp_count FROM `tplay_attachment` WHERE  `status` = -1 LIMIT 1 [ RunTime:0.000000s ]
[ sql ] [ SQL ] SHOW COLUMNS FROM `tplay_messages` [ RunTime:0.316018s ]
[ sql ] [ SQL ] SELECT COUNT(*) AS tp_count FROM `tplay_messages` LIMIT 1 [ RunTime:0.001000s ]
[ sql ] [ SQL ] SELECT COUNT(*) AS tp_count FROM `tplay_messages` WHERE  `is_look` = 0 LIMIT 1 [ RunTime:0.000000s ]
[ sql ] [ SQL ] SHOW COLUMNS FROM `tplay_admin_log` [ RunTime:0.010001s ]
[ sql ] [ SQL ] SELECT COUNT(*) AS tp_count FROM `tplay_admin_log` WHERE  `admin_menu_id` = 50  AND ( `create_time` >= 1554220800 AND `create_time` <= 1554307200 ) LIMIT 1 [ RunTime:0.000000s ]
[ sql ] [ SQL ] SELECT COUNT(*) AS tp_count FROM `tplay_admin_log` WHERE  `admin_menu_id` = 50  AND ( `create_time` >= 1554307200 AND `create_time` <= 1554393600 ) LIMIT 1 [ RunTime:0.000000s ]
[ sql ] [ SQL ] SELECT COUNT(*) AS tp_count FROM `tplay_admin_log` WHERE  `admin_menu_id` = 50  AND ( `create_time` >= 1554393600 AND `create_time` <= 1554480000 ) LIMIT 1 [ RunTime:0.000000s ]
[ sql ] [ SQL ] SELECT COUNT(*) AS tp_count FROM `tplay_admin_log` WHERE  `admin_menu_id` = 50  AND ( `create_time` >= 1554480000 AND `create_time` <= 1554566400 ) LIMIT 1 [ RunTime:0.000000s ]
[ sql ] [ SQL ] SELECT COUNT(*) AS tp_count FROM `tplay_admin_log` WHERE  `admin_menu_id` = 50  AND ( `create_time` >= 1554566400 AND `create_time` <= 1554652800 ) LIMIT 1 [ RunTime:0.001000s ]
[ sql ] [ SQL ] SELECT COUNT(*) AS tp_count FROM `tplay_admin_log` WHERE  `admin_menu_id` = 50  AND ( `create_time` >= 1554652800 AND `create_time` <= 1554739200 ) LIMIT 1 [ RunTime:0.001000s ]
[ sql ] [ SQL ] SELECT COUNT(*) AS tp_count FROM `tplay_admin_log` WHERE  `admin_menu_id` = 50  AND ( `create_time` >= 1554739200 AND `create_time` <= 1554825600 ) LIMIT 1 [ RunTime:0.001000s ]
[ sql ] [ SQL ] SELECT COUNT(*) AS tp_count FROM `tplay_admin_log` WHERE  `admin_menu_id` = 50  AND ( `create_time` >= 1554825600 AND `create_time` <= 1554912000 ) LIMIT 1 [ RunTime:0.001000s ]
[ sql ] [ SQL ] SELECT COUNT(*) AS tp_count FROM `tplay_admin_log` WHERE  `admin_menu_id` = 50  AND ( `create_time` >= 1554912000 AND `create_time` <= 1554998400 ) LIMIT 1 [ RunTime:0.001000s ]
[ sql ] [ SQL ] SELECT COUNT(*) AS tp_count FROM `tplay_admin_log` WHERE  `admin_menu_id` = 50  AND ( `create_time` >= 1554998400 AND `create_time` <= 1555084800 ) LIMIT 1 [ RunTime:0.001000s ]
---------------------------------------------------------------
[ 2019-04-12T17:46:53+08:00 ] 127.0.0.1 GET www.xiaofang.com/
[运行时间：1.238071s] [吞吐率：0.81req/s] [内存消耗：2,692.80kb] [文件加载：55]
[ info ] [ LANG ] D:\Project\xiaofang\thinkphp\lang\zh-cn.php
[ info ] [ DB ] INIT mysql
[ info ] [ ROUTE ] array (
  'type' => 'module',
  'module' => 
  array (
    0 => '',
    1 => NULL,
    2 => NULL,
  ),
)
[ info ] [ HEADER ] array (
  'host' => 'www.xiaofang.com',
  'connection' => 'keep-alive',
  'cache-control' => 'max-age=0',
  'upgrade-insecure-requests' => '1',
  'user-agent' => 'Mozilla/5.0 (Windows NT 6.1; WOW64) AppleWebKit/537.36 (KHTML, like Gecko) Chrome/72.0.3626.121 Safari/537.36',
  'accept' => 'text/html,application/xhtml+xml,application/xml;q=0.9,image/webp,image/apng,*/*;q=0.8',
  'accept-encoding' => 'gzip, deflate',
  'accept-language' => 'zh-CN,zh;q=0.9,en;q=0.8',
  'cookie' => 'PHPSESSID=ji40jr9jo8pn0r9ge8eo8rj6b6',
)
[ info ] [ PARAM ] array (
)
[ info ] [ SESSION ] INIT array (
  'id' => '',
  'var_session_id' => '',
  'prefix' => 'think',
  'type' => '',
  'auto_start' => true,
)
[ info ] [ RUN ] app\index\controller\Index->index[ D:\Project\xiaofang\app\index\controller\Index.php ]
[ info ] [ VIEW ] D:\Project\xiaofang\public/../app/index\view\index\index.html [ array (
) ]
[ info ] [ LOG ] INIT File
[ sql ] [ DB ] CONNECT:[ UseTime:0.022001s ] mysql:host=127.0.0.1;port=3306;dbname=xiaofang;charset=utf8
[ sql ] [ SQL ] SHOW COLUMNS FROM `tplay_urlconfig` [ RunTime:0.065003s ]
[ sql ] [ SQL ] SELECT `aliases`,`url` FROM `tplay_urlconfig` WHERE  `status` = 1 [ RunTime:0.001001s ]
[ sql ] [ SQL ] SHOW COLUMNS FROM `tplay_webconfig` [ RunTime:0.084005s ]
[ sql ] [ SQL ] SELECT `black_ip` FROM `tplay_webconfig` WHERE  `web` = 'web' LIMIT 1 [ RunTime:0.000000s ]
[ sql ] [ SQL ] SHOW COLUMNS FROM `tplay_admin_cate` [ RunTime:0.012001s ]
[ sql ] [ SQL ] SELECT `permissions` FROM `tplay_admin_cate` WHERE  `id` = 1 LIMIT 1 [ RunTime:0.001000s ]
[ sql ] [ SQL ] SHOW COLUMNS FROM `tplay_admin_menu` [ RunTime:0.027002s ]
[ sql ] [ SQL ] SELECT * FROM `tplay_admin_menu` WHERE  `module` = 'index'  AND `controller` = 'Index'  AND `function` = 'index'  AND `type` = 1  AND `parameter` = '=' LIMIT 1 [ RunTime:0.001000s ]
[ sql ] [ SQL ] SELECT * FROM `tplay_admin_menu` WHERE  `module` = 'index'  AND `controller` = 'Index'  AND `function` = 'index'  AND `type` = 1 LIMIT 1 [ RunTime:0.000000s ]
---------------------------------------------------------------
[ 2019-04-12T17:46:53+08:00 ] 127.0.0.1 GET www.xiaofang.com/
[运行时间：0.559032s] [吞吐率：1.79req/s] [内存消耗：2,692.80kb] [文件加载：55]
[ info ] [ LANG ] D:\Project\xiaofang\thinkphp\lang\zh-cn.php
[ info ] [ DB ] INIT mysql
[ info ] [ ROUTE ] array (
  'type' => 'module',
  'module' => 
  array (
    0 => '',
    1 => NULL,
    2 => NULL,
  ),
)
[ info ] [ HEADER ] array (
  'host' => 'www.xiaofang.com',
  'connection' => 'keep-alive',
  'cache-control' => 'max-age=0',
  'upgrade-insecure-requests' => '1',
  'user-agent' => 'Mozilla/5.0 (Windows NT 6.1; WOW64) AppleWebKit/537.36 (KHTML, like Gecko) Chrome/72.0.3626.121 Safari/537.36',
  'accept' => 'text/html,application/xhtml+xml,application/xml;q=0.9,image/webp,image/apng,*/*;q=0.8',
  'accept-encoding' => 'gzip, deflate',
  'accept-language' => 'zh-CN,zh;q=0.9,en;q=0.8',
  'cookie' => 'PHPSESSID=ji40jr9jo8pn0r9ge8eo8rj6b6',
)
[ info ] [ PARAM ] array (
)
[ info ] [ SESSION ] INIT array (
  'id' => '',
  'var_session_id' => '',
  'prefix' => 'think',
  'type' => '',
  'auto_start' => true,
)
[ info ] [ RUN ] app\index\controller\Index->index[ D:\Project\xiaofang\app\index\controller\Index.php ]
[ info ] [ VIEW ] D:\Project\xiaofang\public/../app/index\view\index\index.html [ array (
) ]
[ info ] [ LOG ] INIT File
[ sql ] [ DB ] CONNECT:[ UseTime:0.010000s ] mysql:host=127.0.0.1;port=3306;dbname=xiaofang;charset=utf8
[ sql ] [ SQL ] SHOW COLUMNS FROM `tplay_urlconfig` [ RunTime:0.009001s ]
[ sql ] [ SQL ] SELECT `aliases`,`url` FROM `tplay_urlconfig` WHERE  `status` = 1 [ RunTime:0.001000s ]
[ sql ] [ SQL ] SHOW COLUMNS FROM `tplay_webconfig` [ RunTime:0.087005s ]
[ sql ] [ SQL ] SELECT `black_ip` FROM `tplay_webconfig` WHERE  `web` = 'web' LIMIT 1 [ RunTime:0.000000s ]
[ sql ] [ SQL ] SHOW COLUMNS FROM `tplay_admin_cate` [ RunTime:0.011001s ]
[ sql ] [ SQL ] SELECT `permissions` FROM `tplay_admin_cate` WHERE  `id` = 1 LIMIT 1 [ RunTime:0.001000s ]
[ sql ] [ SQL ] SHOW COLUMNS FROM `tplay_admin_menu` [ RunTime:0.008000s ]
[ sql ] [ SQL ] SELECT * FROM `tplay_admin_menu` WHERE  `module` = 'index'  AND `controller` = 'Index'  AND `function` = 'index'  AND `type` = 1  AND `parameter` = '=' LIMIT 1 [ RunTime:0.001001s ]
[ sql ] [ SQL ] SELECT * FROM `tplay_admin_menu` WHERE  `module` = 'index'  AND `controller` = 'Index'  AND `function` = 'index'  AND `type` = 1 LIMIT 1 [ RunTime:0.001000s ]
---------------------------------------------------------------
[ 2019-04-12T17:46:53+08:00 ] 127.0.0.1 GET www.xiaofang.com/
[运行时间：1.327076s] [吞吐率：0.75req/s] [内存消耗：2,692.80kb] [文件加载：55]
[ info ] [ LANG ] D:\Project\xiaofang\thinkphp\lang\zh-cn.php
[ info ] [ DB ] INIT mysql
[ info ] [ ROUTE ] array (
  'type' => 'module',
  'module' => 
  array (
    0 => '',
    1 => NULL,
    2 => NULL,
  ),
)
[ info ] [ HEADER ] array (
  'host' => 'www.xiaofang.com',
  'connection' => 'keep-alive',
  'cache-control' => 'max-age=0',
  'upgrade-insecure-requests' => '1',
  'user-agent' => 'Mozilla/5.0 (Windows NT 6.1; WOW64) AppleWebKit/537.36 (KHTML, like Gecko) Chrome/72.0.3626.121 Safari/537.36',
  'accept' => 'text/html,application/xhtml+xml,application/xml;q=0.9,image/webp,image/apng,*/*;q=0.8',
  'accept-encoding' => 'gzip, deflate',
  'accept-language' => 'zh-CN,zh;q=0.9,en;q=0.8',
  'cookie' => 'PHPSESSID=ji40jr9jo8pn0r9ge8eo8rj6b6',
)
[ info ] [ PARAM ] array (
)
[ info ] [ SESSION ] INIT array (
  'id' => '',
  'var_session_id' => '',
  'prefix' => 'think',
  'type' => '',
  'auto_start' => true,
)
[ info ] [ RUN ] app\index\controller\Index->index[ D:\Project\xiaofang\app\index\controller\Index.php ]
[ info ] [ VIEW ] D:\Project\xiaofang\public/../app/index\view\index\index.html [ array (
) ]
[ info ] [ LOG ] INIT File
[ sql ] [ DB ] CONNECT:[ UseTime:0.015001s ] mysql:host=127.0.0.1;port=3306;dbname=xiaofang;charset=utf8
[ sql ] [ SQL ] SHOW COLUMNS FROM `tplay_urlconfig` [ RunTime:0.066003s ]
[ sql ] [ SQL ] SELECT `aliases`,`url` FROM `tplay_urlconfig` WHERE  `status` = 1 [ RunTime:0.001001s ]
[ sql ] [ SQL ] SHOW COLUMNS FROM `tplay_webconfig` [ RunTime:0.084005s ]
[ sql ] [ SQL ] SELECT `black_ip` FROM `tplay_webconfig` WHERE  `web` = 'web' LIMIT 1 [ RunTime:0.000000s ]
[ sql ] [ SQL ] SHOW COLUMNS FROM `tplay_admin_cate` [ RunTime:0.013001s ]
[ sql ] [ SQL ] SELECT `permissions` FROM `tplay_admin_cate` WHERE  `id` = 1 LIMIT 1 [ RunTime:0.002000s ]
[ sql ] [ SQL ] SHOW COLUMNS FROM `tplay_admin_menu` [ RunTime:0.017001s ]
[ sql ] [ SQL ] SELECT * FROM `tplay_admin_menu` WHERE  `module` = 'index'  AND `controller` = 'Index'  AND `function` = 'index'  AND `type` = 1  AND `parameter` = '=' LIMIT 1 [ RunTime:0.001000s ]
[ sql ] [ SQL ] SELECT * FROM `tplay_admin_menu` WHERE  `module` = 'index'  AND `controller` = 'Index'  AND `function` = 'index'  AND `type` = 1 LIMIT 1 [ RunTime:0.001000s ]
---------------------------------------------------------------
[ 2019-04-12T17:46:57+08:00 ] 127.0.0.1 GET www.xiaofang.com/
[运行时间：0.138008s] [吞吐率：7.25req/s] [内存消耗：2,692.80kb] [文件加载：55]
[ info ] [ LANG ] D:\Project\xiaofang\thinkphp\lang\zh-cn.php
[ info ] [ DB ] INIT mysql
[ info ] [ ROUTE ] array (
  'type' => 'module',
  'module' => 
  array (
    0 => '',
    1 => NULL,
    2 => NULL,
  ),
)
[ info ] [ HEADER ] array (
  'host' => 'www.xiaofang.com',
  'connection' => 'keep-alive',
  'cache-control' => 'max-age=0',
  'upgrade-insecure-requests' => '1',
  'user-agent' => 'Mozilla/5.0 (Windows NT 6.1; WOW64) AppleWebKit/537.36 (KHTML, like Gecko) Chrome/72.0.3626.121 Safari/537.36',
  'accept' => 'text/html,application/xhtml+xml,application/xml;q=0.9,image/webp,image/apng,*/*;q=0.8',
  'accept-encoding' => 'gzip, deflate',
  'accept-language' => 'zh-CN,zh;q=0.9,en;q=0.8',
  'cookie' => 'PHPSESSID=ji40jr9jo8pn0r9ge8eo8rj6b6',
)
[ info ] [ PARAM ] array (
)
[ info ] [ SESSION ] INIT array (
  'id' => '',
  'var_session_id' => '',
  'prefix' => 'think',
  'type' => '',
  'auto_start' => true,
)
[ info ] [ RUN ] app\index\controller\Index->index[ D:\Project\xiaofang\app\index\controller\Index.php ]
[ info ] [ VIEW ] D:\Project\xiaofang\public/../app/index\view\index\index.html [ array (
) ]
[ info ] [ LOG ] INIT File
[ sql ] [ DB ] CONNECT:[ UseTime:0.003000s ] mysql:host=127.0.0.1;port=3306;dbname=xiaofang;charset=utf8
[ sql ] [ SQL ] SHOW COLUMNS FROM `tplay_urlconfig` [ RunTime:0.010001s ]
[ sql ] [ SQL ] SELECT `aliases`,`url` FROM `tplay_urlconfig` WHERE  `status` = 1 [ RunTime:0.001000s ]
[ sql ] [ SQL ] SHOW COLUMNS FROM `tplay_webconfig` [ RunTime:0.011001s ]
[ sql ] [ SQL ] SELECT `black_ip` FROM `tplay_webconfig` WHERE  `web` = 'web' LIMIT 1 [ RunTime:0.000000s ]
[ sql ] [ SQL ] SHOW COLUMNS FROM `tplay_admin_cate` [ RunTime:0.010001s ]
[ sql ] [ SQL ] SELECT `permissions` FROM `tplay_admin_cate` WHERE  `id` = 1 LIMIT 1 [ RunTime:0.001000s ]
[ sql ] [ SQL ] SHOW COLUMNS FROM `tplay_admin_menu` [ RunTime:0.033002s ]
[ sql ] [ SQL ] SELECT * FROM `tplay_admin_menu` WHERE  `module` = 'index'  AND `controller` = 'Index'  AND `function` = 'index'  AND `type` = 1  AND `parameter` = '=' LIMIT 1 [ RunTime:0.001000s ]
[ sql ] [ SQL ] SELECT * FROM `tplay_admin_menu` WHERE  `module` = 'index'  AND `controller` = 'Index'  AND `function` = 'index'  AND `type` = 1 LIMIT 1 [ RunTime:0.001000s ]
