---------------------------------------------------------------
[ 2019-09-23T17:32:57+08:00 ] 127.0.0.1 GET www.xiaofang.com/
[运行时间：0.373106s] [吞吐率：2.68req/s] [内存消耗：2,245.52kb] [文件加载：51]
[ info ] [ LANG ] E:\company\jiaoyu\thinkphp\lang\zh-cn.php
[ info ] [ DB ] INIT mysql
[ info ] [ ROUTE ] array (
  'type' => 'module',
  'module' => 
  array (
    0 => '',
    1 => NULL,
    2 => NULL,
  ),
)
[ info ] [ HEADER ] array (
  'accept-language' => 'zh-CN,zh;q=0.9,en;q=0.8',
  'accept-encoding' => 'gzip, deflate',
  'accept' => 'text/html,application/xhtml+xml,application/xml;q=0.9,image/webp,image/apng,*/*;q=0.8,application/signed-exchange;v=b3',
  'sec-fetch-user' => '?1',
  'sec-fetch-mode' => 'navigate',
  'user-agent' => 'Mozilla/5.0 (Windows NT 10.0; Win64; x64) AppleWebKit/537.36 (KHTML, like Gecko) Chrome/78.0.3902.4 Safari/537.36',
  'upgrade-insecure-requests' => '1',
  'connection' => 'close',
  'host' => 'www.xiaofang.com',
)
[ info ] [ PARAM ] array (
)
[ info ] [ RUN ] app\index\controller\Index->index[ E:\company\jiaoyu\app\index\controller\Index.php ]
[ info ] [ VIEW ] E:\company\jiaoyu\public/../app/index\view\index\index.html [ array (
) ]
[ info ] [ LOG ] INIT File
[ sql ] [ DB ] CONNECT:[ UseTime:0.033427s ] mysql:host=127.0.0.1;port=3306;dbname=jiaoyu;charset=utf8
[ sql ] [ SQL ] SHOW COLUMNS FROM `tplay_urlconfig` [ RunTime:0.046381s ]
[ sql ] [ SQL ] SELECT `aliases`,`url` FROM `tplay_urlconfig` WHERE  `status` = 1 [ RunTime:0.000559s ]
---------------------------------------------------------------
[ 2019-09-23T17:33:38+08:00 ] 127.0.0.1 GET www.xiaofang.com/
[运行时间：0.049977s] [吞吐率：20.01req/s] [内存消耗：2,245.59kb] [文件加载：51]
[ info ] [ LANG ] E:\company\jiaoyu\thinkphp\lang\zh-cn.php
[ info ] [ DB ] INIT mysql
[ info ] [ ROUTE ] array (
  'type' => 'module',
  'module' => 
  array (
    0 => '',
    1 => NULL,
    2 => NULL,
  ),
)
[ info ] [ HEADER ] array (
  'accept-language' => 'zh-CN,zh;q=0.9,en;q=0.8',
  'accept-encoding' => 'gzip, deflate',
  'accept' => 'text/html,application/xhtml+xml,application/xml;q=0.9,image/webp,image/apng,*/*;q=0.8,application/signed-exchange;v=b3',
  'sec-fetch-user' => '?1',
  'sec-fetch-mode' => 'navigate',
  'user-agent' => 'Mozilla/5.0 (Windows NT 10.0; Win64; x64) AppleWebKit/537.36 (KHTML, like Gecko) Chrome/78.0.3902.4 Safari/537.36',
  'upgrade-insecure-requests' => '1',
  'cache-control' => 'max-age=0',
  'connection' => 'close',
  'host' => 'www.xiaofang.com',
)
[ info ] [ PARAM ] array (
)
[ info ] [ RUN ] app\index\controller\Index->index[ E:\company\jiaoyu\app\index\controller\Index.php ]
[ info ] [ VIEW ] E:\company\jiaoyu\public/../app/index\view\index\index.html [ array (
) ]
[ info ] [ LOG ] INIT File
[ sql ] [ DB ] CONNECT:[ UseTime:0.011851s ] mysql:host=127.0.0.1;port=3306;dbname=jiaoyu;charset=utf8
[ sql ] [ SQL ] SHOW COLUMNS FROM `tplay_urlconfig` [ RunTime:0.008743s ]
[ sql ] [ SQL ] SELECT `aliases`,`url` FROM `tplay_urlconfig` WHERE  `status` = 1 [ RunTime:0.000407s ]
---------------------------------------------------------------
[ 2019-09-23T17:34:09+08:00 ] 127.0.0.1 GET www.xiaofang.com/
[运行时间：0.044821s] [吞吐率：22.31req/s] [内存消耗：2,245.52kb] [文件加载：51]
[ info ] [ LANG ] E:\company\jiaoyu\thinkphp\lang\zh-cn.php
[ info ] [ DB ] INIT mysql
[ info ] [ ROUTE ] array (
  'type' => 'module',
  'module' => 
  array (
    0 => '',
    1 => NULL,
    2 => NULL,
  ),
)
[ info ] [ HEADER ] array (
  'accept-language' => 'zh-CN,zh;q=0.9,en;q=0.8',
  'accept-encoding' => 'gzip, deflate',
  'accept' => 'text/html,application/xhtml+xml,application/xml;q=0.9,image/webp,image/apng,*/*;q=0.8,application/signed-exchange;v=b3',
  'sec-fetch-user' => '?1',
  'sec-fetch-mode' => 'navigate',
  'user-agent' => 'Mozilla/5.0 (Windows NT 10.0; Win64; x64) AppleWebKit/537.36 (KHTML, like Gecko) Chrome/78.0.3902.4 Safari/537.36',
  'upgrade-insecure-requests' => '1',
  'connection' => 'close',
  'host' => 'www.xiaofang.com',
)
[ info ] [ PARAM ] array (
)
[ info ] [ RUN ] app\index\controller\Index->index[ E:\company\jiaoyu\app\index\controller\Index.php ]
[ info ] [ VIEW ] E:\company\jiaoyu\public/../app/index\view\index\index.html [ array (
) ]
[ info ] [ LOG ] INIT File
[ sql ] [ DB ] CONNECT:[ UseTime:0.012352s ] mysql:host=127.0.0.1;port=3306;dbname=jiaoyu;charset=utf8
[ sql ] [ SQL ] SHOW COLUMNS FROM `tplay_urlconfig` [ RunTime:0.006649s ]
[ sql ] [ SQL ] SELECT `aliases`,`url` FROM `tplay_urlconfig` WHERE  `status` = 1 [ RunTime:0.000613s ]
---------------------------------------------------------------
[ 2019-09-23T17:36:09+08:00 ] 127.0.0.1 GET www.cfjiaoyu.com/
[运行时间：0.038648s] [吞吐率：25.87req/s] [内存消耗：2,245.89kb] [文件加载：51]
[ info ] [ LANG ] E:\company\jiaoyu\thinkphp\lang\zh-cn.php
[ info ] [ DB ] INIT mysql
[ info ] [ ROUTE ] array (
  'type' => 'module',
  'module' => 
  array (
    0 => '',
    1 => NULL,
    2 => NULL,
  ),
)
[ info ] [ HEADER ] array (
  'cookie' => 'UM_distinctid=16d5d7a738c291-09c866c11779fb-675c7c29-1fa400-16d5d7a738da17',
  'accept-language' => 'zh-CN,zh;q=0.9,en;q=0.8',
  'accept-encoding' => 'gzip, deflate',
  'accept' => 'text/html,application/xhtml+xml,application/xml;q=0.9,image/webp,image/apng,*/*;q=0.8,application/signed-exchange;v=b3',
  'sec-fetch-user' => '?1',
  'sec-fetch-mode' => 'navigate',
  'user-agent' => 'Mozilla/5.0 (Windows NT 10.0; Win64; x64) AppleWebKit/537.36 (KHTML, like Gecko) Chrome/78.0.3902.4 Safari/537.36',
  'upgrade-insecure-requests' => '1',
  'connection' => 'close',
  'host' => 'www.cfjiaoyu.com',
)
[ info ] [ PARAM ] array (
)
[ info ] [ RUN ] app\index\controller\Index->index[ E:\company\jiaoyu\app\index\controller\Index.php ]
[ info ] [ VIEW ] E:\company\jiaoyu\public/../app/index\view\index\index.html [ array (
) ]
[ info ] [ LOG ] INIT File
[ sql ] [ DB ] CONNECT:[ UseTime:0.007148s ] mysql:host=127.0.0.1;port=3306;dbname=jiaoyu;charset=utf8
[ sql ] [ SQL ] SHOW COLUMNS FROM `tplay_urlconfig` [ RunTime:0.006322s ]
[ sql ] [ SQL ] SELECT `aliases`,`url` FROM `tplay_urlconfig` WHERE  `status` = 1 [ RunTime:0.000491s ]
