---------------------------------------------------------------
[ 2019-11-04T10:19:03+08:00 ] 127.0.0.1 GET www.cfjiaoyu.com/
[运行时间：0.305761s] [吞吐率：3.27req/s] [内存消耗：2,245.32kb] [文件加载：51]
[ info ] [ LANG ] E:\company\jiaoyu\thinkphp\lang\zh-cn.php
[ info ] [ DB ] INIT mysql
[ info ] [ ROUTE ] array (
  'type' => 'module',
  'module' => 
  array (
    0 => '',
    1 => NULL,
    2 => NULL,
  ),
)
[ info ] [ HEADER ] array (
  'cookie' => 'UM_distinctid=16d5d7a738c291-09c866c11779fb-675c7c29-1fa400-16d5d7a738da17',
  'accept-language' => 'zh-CN,zh;q=0.9,en;q=0.8',
  'accept-encoding' => 'gzip, deflate',
  'accept' => 'text/html,application/xhtml+xml,application/xml;q=0.9,image/webp,image/apng,*/*;q=0.8,application/signed-exchange;v=b3;q=0.9',
  'user-agent' => 'Mozilla/5.0 (Windows NT 10.0; Win64; x64) AppleWebKit/537.36 (KHTML, like Gecko) Chrome/79.0.3941.4 Safari/537.36',
  'upgrade-insecure-requests' => '1',
  'connection' => 'close',
  'host' => 'www.cfjiaoyu.com',
)
[ info ] [ PARAM ] array (
)
[ info ] [ RUN ] app\index\controller\Index->index[ E:\company\jiaoyu\app\index\controller\Index.php ]
[ info ] [ VIEW ] E:\company\jiaoyu\public/../app/index\view\index\index.html [ array (
) ]
[ info ] [ LOG ] INIT File
[ sql ] [ DB ] CONNECT:[ UseTime:0.018261s ] mysql:host=127.0.0.1;port=3306;dbname=jiaoyu;charset=utf8
[ sql ] [ SQL ] SHOW COLUMNS FROM `tplay_urlconfig` [ RunTime:0.034440s ]
[ sql ] [ SQL ] SELECT `aliases`,`url` FROM `tplay_urlconfig` WHERE  `status` = 1 [ RunTime:0.000447s ]
---------------------------------------------------------------
[ 2019-11-04T10:19:29+08:00 ] 127.0.0.1 GET www.cfjiaoyu.com/
[运行时间：0.060243s] [吞吐率：16.60req/s] [内存消耗：2,245.59kb] [文件加载：51]
[ info ] [ LANG ] E:\company\jiaoyu\thinkphp\lang\zh-cn.php
[ info ] [ DB ] INIT mysql
[ info ] [ ROUTE ] array (
  'type' => 'module',
  'module' => 
  array (
    0 => '',
    1 => NULL,
    2 => NULL,
  ),
)
[ info ] [ HEADER ] array (
  'cookie' => 'UM_distinctid=16d5d7a738c291-09c866c11779fb-675c7c29-1fa400-16d5d7a738da17',
  'accept-language' => 'zh-CN,zh;q=0.9,en;q=0.8',
  'accept-encoding' => 'gzip, deflate',
  'accept' => 'text/html,application/xhtml+xml,application/xml;q=0.9,image/webp,image/apng,*/*;q=0.8,application/signed-exchange;v=b3;q=0.9',
  'user-agent' => 'Mozilla/5.0 (Windows NT 10.0; Win64; x64) AppleWebKit/537.36 (KHTML, like Gecko) Chrome/79.0.3941.4 Safari/537.36',
  'upgrade-insecure-requests' => '1',
  'cache-control' => 'max-age=0',
  'connection' => 'close',
  'host' => 'www.cfjiaoyu.com',
)
[ info ] [ PARAM ] array (
)
[ info ] [ RUN ] app\index\controller\Index->index[ E:\company\jiaoyu\app\index\controller\Index.php ]
[ info ] [ VIEW ] E:\company\jiaoyu\public/../app/index\view\index\index.html [ array (
) ]
[ info ] [ LOG ] INIT File
[ sql ] [ DB ] CONNECT:[ UseTime:0.010940s ] mysql:host=127.0.0.1;port=3306;dbname=jiaoyu;charset=utf8
[ sql ] [ SQL ] SHOW COLUMNS FROM `tplay_urlconfig` [ RunTime:0.005903s ]
[ sql ] [ SQL ] SELECT `aliases`,`url` FROM `tplay_urlconfig` WHERE  `status` = 1 [ RunTime:0.000312s ]
---------------------------------------------------------------
[ 2019-11-04T10:22:04+08:00 ] 127.0.0.1 GET www.cfjiaoyu.com/
[运行时间：0.069068s] [吞吐率：14.48req/s] [内存消耗：2,245.30kb] [文件加载：51]
[ info ] [ LANG ] E:\company\jiaoyu\thinkphp\lang\zh-cn.php
[ info ] [ DB ] INIT mysql
[ info ] [ ROUTE ] array (
  'type' => 'module',
  'module' => 
  array (
    0 => '',
    1 => NULL,
    2 => NULL,
  ),
)
[ info ] [ HEADER ] array (
  'cookie' => 'UM_distinctid=16d5d7a738c291-09c866c11779fb-675c7c29-1fa400-16d5d7a738da17',
  'accept-language' => 'zh-CN,zh;q=0.9,en;q=0.8',
  'accept-encoding' => 'gzip, deflate',
  'accept' => 'text/html,application/xhtml+xml,application/xml;q=0.9,image/webp,image/apng,*/*;q=0.8,application/signed-exchange;v=b3;q=0.9',
  'user-agent' => 'Mozilla/5.0 (Windows NT 10.0; Win64; x64) AppleWebKit/537.36 (KHTML, like Gecko) Chrome/79.0.3941.4 Safari/537.36',
  'upgrade-insecure-requests' => '1',
  'connection' => 'close',
  'host' => 'www.cfjiaoyu.com',
)
[ info ] [ PARAM ] array (
)
[ info ] [ RUN ] app\index\controller\Index->index[ E:\company\jiaoyu\app\index\controller\Index.php ]
[ info ] [ VIEW ] E:\company\jiaoyu\public/../app/index\view\index\index.html [ array (
) ]
[ info ] [ LOG ] INIT File
[ sql ] [ DB ] CONNECT:[ UseTime:0.010991s ] mysql:host=127.0.0.1;port=3306;dbname=jiaoyu;charset=utf8
[ sql ] [ SQL ] SHOW COLUMNS FROM `tplay_urlconfig` [ RunTime:0.006372s ]
[ sql ] [ SQL ] SELECT `aliases`,`url` FROM `tplay_urlconfig` WHERE  `status` = 1 [ RunTime:0.000362s ]
---------------------------------------------------------------
[ 2019-11-04T10:23:07+08:00 ] 127.0.0.1 GET www.cfjiaoyu.com/
[运行时间：0.035666s] [吞吐率：28.04req/s] [内存消耗：2,245.30kb] [文件加载：51]
[ info ] [ LANG ] E:\company\jiaoyu\thinkphp\lang\zh-cn.php
[ info ] [ DB ] INIT mysql
[ info ] [ ROUTE ] array (
  'type' => 'module',
  'module' => 
  array (
    0 => '',
    1 => NULL,
    2 => NULL,
  ),
)
[ info ] [ HEADER ] array (
  'cookie' => 'UM_distinctid=16d5d7a738c291-09c866c11779fb-675c7c29-1fa400-16d5d7a738da17',
  'accept-language' => 'zh-CN,zh;q=0.9,en;q=0.8',
  'accept-encoding' => 'gzip, deflate',
  'accept' => 'text/html,application/xhtml+xml,application/xml;q=0.9,image/webp,image/apng,*/*;q=0.8,application/signed-exchange;v=b3;q=0.9',
  'user-agent' => 'Mozilla/5.0 (Windows NT 10.0; Win64; x64) AppleWebKit/537.36 (KHTML, like Gecko) Chrome/79.0.3941.4 Safari/537.36',
  'upgrade-insecure-requests' => '1',
  'connection' => 'close',
  'host' => 'www.cfjiaoyu.com',
)
[ info ] [ PARAM ] array (
)
[ info ] [ RUN ] app\index\controller\Index->index[ E:\company\jiaoyu\app\index\controller\Index.php ]
[ info ] [ VIEW ] E:\company\jiaoyu\public/../app/index\view\index\index.html [ array (
) ]
[ info ] [ LOG ] INIT File
[ sql ] [ DB ] CONNECT:[ UseTime:0.001418s ] mysql:host=127.0.0.1;port=3306;dbname=jiaoyu;charset=utf8
[ sql ] [ SQL ] SHOW COLUMNS FROM `tplay_urlconfig` [ RunTime:0.006514s ]
[ sql ] [ SQL ] SELECT `aliases`,`url` FROM `tplay_urlconfig` WHERE  `status` = 1 [ RunTime:0.000389s ]
