---------------------------------------------------------------
[ 2019-08-03T09:27:49+08:00 ] 127.0.0.1 GET www.xiaofang.com/
[运行时间：0.220970s] [吞吐率：4.53req/s] [内存消耗：2,360.01kb] [文件加载：51]
[ info ] [ LANG ] C:\Users\Administrator\Desktop\jiaoyu\jiaoyu\thinkphp\lang\zh-cn.php
[ info ] [ DB ] INIT mysql
[ info ] [ ROUTE ] array (
  'type' => 'module',
  'module' => 
  array (
    0 => '',
    1 => NULL,
    2 => NULL,
  ),
)
[ info ] [ HEADER ] array (
  'accept-language' => 'zh-CN,zh;q=0.9,en;q=0.8',
  'accept-encoding' => 'gzip, deflate',
  'accept' => 'text/html,application/xhtml+xml,application/xml;q=0.9,image/webp,image/apng,*/*;q=0.8,application/signed-exchange;v=b3',
  'user-agent' => 'Mozilla/5.0 (Windows NT 10.0; Win64; x64) AppleWebKit/537.36 (KHTML, like Gecko) Chrome/75.0.3770.142 Safari/537.36',
  'upgrade-insecure-requests' => '1',
  'connection' => 'close',
  'host' => 'www.xiaofang.com',
)
[ info ] [ PARAM ] array (
)
[ info ] [ RUN ] app\index\controller\Index->index[ C:\Users\Administrator\Desktop\jiaoyu\jiaoyu\app\index\controller\Index.php ]
[ info ] [ VIEW ] C:\Users\Administrator\Desktop\jiaoyu\jiaoyu\public/../app/index\view\index\index.html [ array (
) ]
[ info ] [ LOG ] INIT File
[ sql ] [ DB ] CONNECT:[ UseTime:0.010801s ] mysql:host=127.0.0.1;port=3306;dbname=jiaoyu;charset=utf8
[ sql ] [ SQL ] SHOW COLUMNS FROM `tplay_urlconfig` [ RunTime:0.043730s ]
[ sql ] [ SQL ] SELECT `aliases`,`url` FROM `tplay_urlconfig` WHERE  `status` = 1 [ RunTime:0.000523s ]
---------------------------------------------------------------
[ 2019-08-03T09:42:52+08:00 ] 127.0.0.1 GET www.xiaofang.com/static/home/css/cube.css.map
[运行时间：0.040244s] [吞吐率：24.85req/s] [内存消耗：1,958.66kb] [文件加载：43]
[ info ] [ LANG ] C:\Users\Administrator\Desktop\jiaoyu\jiaoyu\thinkphp\lang\zh-cn.php
[ info ] [ DB ] INIT mysql
[ info ] [ ROUTE ] array (
  'type' => 'module',
  'module' => 
  array (
    0 => 'static',
    1 => 'home',
    2 => 'css',
  ),
)
[ info ] [ HEADER ] array (
  'accept-language' => 'zh-CN,zh;q=0.9,en;q=0.8',
  'accept-encoding' => 'gzip, deflate',
  'user-agent' => 'Mozilla/5.0 (Windows NT 10.0; Win64; x64) AppleWebKit/537.36 (KHTML, like Gecko) Chrome/75.0.3770.142 Safari/537.36',
  'connection' => 'close',
  'host' => 'www.xiaofang.com',
)
[ info ] [ PARAM ] array (
)
[ info ] [ LOG ] INIT File
[ sql ] [ DB ] CONNECT:[ UseTime:0.012079s ] mysql:host=127.0.0.1;port=3306;dbname=jiaoyu;charset=utf8
[ sql ] [ SQL ] SHOW COLUMNS FROM `tplay_urlconfig` [ RunTime:0.004997s ]
[ sql ] [ SQL ] SELECT `aliases`,`url` FROM `tplay_urlconfig` WHERE  `status` = 1 [ RunTime:0.000375s ]
---------------------------------------------------------------
[ 2019-08-03T09:49:16+08:00 ] 127.0.0.1 GET www.xiaofang.com/
[运行时间：0.390932s] [吞吐率：2.56req/s] [内存消耗：2,581.95kb] [文件加载：53]
[ info ] [ LANG ] C:\Users\Administrator\Desktop\jiaoyu\jiaoyu\thinkphp\lang\zh-cn.php
[ info ] [ DB ] INIT mysql
[ info ] [ ROUTE ] array (
  'type' => 'module',
  'module' => 
  array (
    0 => '',
    1 => NULL,
    2 => NULL,
  ),
)
[ info ] [ HEADER ] array (
  'accept-language' => 'zh-CN,zh;q=0.9,en;q=0.8',
  'accept-encoding' => 'gzip, deflate',
  'accept' => 'text/html,application/xhtml+xml,application/xml;q=0.9,image/webp,image/apng,*/*;q=0.8,application/signed-exchange;v=b3',
  'user-agent' => 'Mozilla/5.0 (Windows NT 10.0; Win64; x64) AppleWebKit/537.36 (KHTML, like Gecko) Chrome/75.0.3770.142 Safari/537.36',
  'upgrade-insecure-requests' => '1',
  'cache-control' => 'max-age=0',
  'connection' => 'close',
  'host' => 'www.xiaofang.com',
)
[ info ] [ PARAM ] array (
)
[ info ] [ RUN ] app\index\controller\Index->index[ C:\Users\Administrator\Desktop\jiaoyu\jiaoyu\app\index\controller\Index.php ]
[ info ] [ VIEW ] C:\Users\Administrator\Desktop\jiaoyu\jiaoyu\public/../app/index\view\index\index.html [ array (
) ]
[ info ] [ LOG ] INIT File
[ sql ] [ DB ] CONNECT:[ UseTime:0.268782s ] mysql:host=127.0.0.1;port=3306;dbname=jiaoyu;charset=utf8
[ sql ] [ SQL ] SHOW COLUMNS FROM `tplay_urlconfig` [ RunTime:0.046211s ]
[ sql ] [ SQL ] SELECT `aliases`,`url` FROM `tplay_urlconfig` WHERE  `status` = 1 [ RunTime:0.002576s ]
---------------------------------------------------------------
[ 2019-08-03T09:49:28+08:00 ] 127.0.0.1 GET www.xiaofang.com/static/home/css/cube.css.map
[运行时间：0.296894s] [吞吐率：3.37req/s] [内存消耗：1,958.66kb] [文件加载：43]
[ info ] [ LANG ] C:\Users\Administrator\Desktop\jiaoyu\jiaoyu\thinkphp\lang\zh-cn.php
[ info ] [ DB ] INIT mysql
[ info ] [ ROUTE ] array (
  'type' => 'module',
  'module' => 
  array (
    0 => 'static',
    1 => 'home',
    2 => 'css',
  ),
)
[ info ] [ HEADER ] array (
  'accept-language' => 'zh-CN,zh;q=0.9,en;q=0.8',
  'accept-encoding' => 'gzip, deflate',
  'user-agent' => 'Mozilla/5.0 (Windows NT 10.0; Win64; x64) AppleWebKit/537.36 (KHTML, like Gecko) Chrome/75.0.3770.142 Safari/537.36',
  'connection' => 'close',
  'host' => 'www.xiaofang.com',
)
[ info ] [ PARAM ] array (
)
[ info ] [ LOG ] INIT File
[ sql ] [ DB ] CONNECT:[ UseTime:0.011670s ] mysql:host=127.0.0.1;port=3306;dbname=jiaoyu;charset=utf8
[ sql ] [ SQL ] SHOW COLUMNS FROM `tplay_urlconfig` [ RunTime:0.004751s ]
[ sql ] [ SQL ] SELECT `aliases`,`url` FROM `tplay_urlconfig` WHERE  `status` = 1 [ RunTime:0.000462s ]
---------------------------------------------------------------
[ 2019-08-03T09:50:45+08:00 ] 127.0.0.1 GET www.xiaofang.com/
[运行时间：0.072536s] [吞吐率：13.79req/s] [内存消耗：2,581.95kb] [文件加载：53]
[ info ] [ LANG ] C:\Users\Administrator\Desktop\jiaoyu\jiaoyu\thinkphp\lang\zh-cn.php
[ info ] [ DB ] INIT mysql
[ info ] [ ROUTE ] array (
  'type' => 'module',
  'module' => 
  array (
    0 => '',
    1 => NULL,
    2 => NULL,
  ),
)
[ info ] [ HEADER ] array (
  'accept-language' => 'zh-CN,zh;q=0.9,en;q=0.8',
  'accept-encoding' => 'gzip, deflate',
  'accept' => 'text/html,application/xhtml+xml,application/xml;q=0.9,image/webp,image/apng,*/*;q=0.8,application/signed-exchange;v=b3',
  'user-agent' => 'Mozilla/5.0 (Windows NT 10.0; Win64; x64) AppleWebKit/537.36 (KHTML, like Gecko) Chrome/75.0.3770.142 Safari/537.36',
  'upgrade-insecure-requests' => '1',
  'cache-control' => 'max-age=0',
  'connection' => 'close',
  'host' => 'www.xiaofang.com',
)
[ info ] [ PARAM ] array (
)
[ info ] [ RUN ] app\index\controller\Index->index[ C:\Users\Administrator\Desktop\jiaoyu\jiaoyu\app\index\controller\Index.php ]
[ info ] [ VIEW ] C:\Users\Administrator\Desktop\jiaoyu\jiaoyu\public/../app/index\view\index\index.html [ array (
) ]
[ info ] [ LOG ] INIT File
[ sql ] [ DB ] CONNECT:[ UseTime:0.005196s ] mysql:host=127.0.0.1;port=3306;dbname=jiaoyu;charset=utf8
[ sql ] [ SQL ] SHOW COLUMNS FROM `tplay_urlconfig` [ RunTime:0.008866s ]
[ sql ] [ SQL ] SELECT `aliases`,`url` FROM `tplay_urlconfig` WHERE  `status` = 1 [ RunTime:0.000431s ]
---------------------------------------------------------------
[ 2019-08-03T09:50:45+08:00 ] 127.0.0.1 GET www.xiaofang.com/static/home/css/cube.css.map
[运行时间：0.052129s] [吞吐率：19.18req/s] [内存消耗：1,958.66kb] [文件加载：43]
[ info ] [ LANG ] C:\Users\Administrator\Desktop\jiaoyu\jiaoyu\thinkphp\lang\zh-cn.php
[ info ] [ DB ] INIT mysql
[ info ] [ ROUTE ] array (
  'type' => 'module',
  'module' => 
  array (
    0 => 'static',
    1 => 'home',
    2 => 'css',
  ),
)
[ info ] [ HEADER ] array (
  'accept-language' => 'zh-CN,zh;q=0.9,en;q=0.8',
  'accept-encoding' => 'gzip, deflate',
  'user-agent' => 'Mozilla/5.0 (Windows NT 10.0; Win64; x64) AppleWebKit/537.36 (KHTML, like Gecko) Chrome/75.0.3770.142 Safari/537.36',
  'connection' => 'close',
  'host' => 'www.xiaofang.com',
)
[ info ] [ PARAM ] array (
)
[ info ] [ LOG ] INIT File
[ sql ] [ DB ] CONNECT:[ UseTime:0.012847s ] mysql:host=127.0.0.1;port=3306;dbname=jiaoyu;charset=utf8
[ sql ] [ SQL ] SHOW COLUMNS FROM `tplay_urlconfig` [ RunTime:0.009841s ]
[ sql ] [ SQL ] SELECT `aliases`,`url` FROM `tplay_urlconfig` WHERE  `status` = 1 [ RunTime:0.000413s ]
---------------------------------------------------------------
[ 2019-08-03T09:50:56+08:00 ] 127.0.0.1 POST www.xiaofang.com/index/zixun/add.shtml
[运行时间：0.056286s] [吞吐率：17.77req/s] [内存消耗：2,408.93kb] [文件加载：53]
[ info ] [ LANG ] C:\Users\Administrator\Desktop\jiaoyu\jiaoyu\thinkphp\lang\zh-cn.php
[ info ] [ DB ] INIT mysql
[ info ] [ ROUTE ] array (
  'type' => 'module',
  'module' => 
  array (
    0 => 'index',
    1 => 'zixun',
    2 => 'add',
  ),
)
[ info ] [ HEADER ] array (
  'accept-language' => 'zh-CN,zh;q=0.9,en;q=0.8',
  'accept-encoding' => 'gzip, deflate',
  'referer' => 'http://www.xiaofang.com/',
  'content-type' => 'application/x-www-form-urlencoded; charset=UTF-8',
  'user-agent' => 'Mozilla/5.0 (Windows NT 10.0; Win64; x64) AppleWebKit/537.36 (KHTML, like Gecko) Chrome/75.0.3770.142 Safari/537.36',
  'x-requested-with' => 'XMLHttpRequest',
  'origin' => 'http://www.xiaofang.com',
  'accept' => '*/*',
  'content-length' => '10',
  'connection' => 'close',
  'host' => 'www.xiaofang.com',
)
[ info ] [ PARAM ] array (
  'name' => '',
  'tel' => '',
)
[ info ] [ RUN ] app\index\controller\Zixun->add[ C:\Users\Administrator\Desktop\jiaoyu\jiaoyu\app\index\controller\Zixun.php ]
[ info ] [ LOG ] INIT File
[ sql ] [ DB ] CONNECT:[ UseTime:0.011560s ] mysql:host=127.0.0.1;port=3306;dbname=jiaoyu;charset=utf8
[ sql ] [ SQL ] SHOW COLUMNS FROM `tplay_urlconfig` [ RunTime:0.004339s ]
[ sql ] [ SQL ] SELECT `aliases`,`url` FROM `tplay_urlconfig` WHERE  `status` = 1 [ RunTime:0.000374s ]
---------------------------------------------------------------
[ 2019-08-03T09:50:58+08:00 ] 127.0.0.1 GET www.xiaofang.com/
[运行时间：0.031790s] [吞吐率：31.46req/s] [内存消耗：2,360.92kb] [文件加载：51]
[ info ] [ LANG ] C:\Users\Administrator\Desktop\jiaoyu\jiaoyu\thinkphp\lang\zh-cn.php
[ info ] [ DB ] INIT mysql
[ info ] [ ROUTE ] array (
  'type' => 'module',
  'module' => 
  array (
    0 => '',
    1 => NULL,
    2 => NULL,
  ),
)
[ info ] [ HEADER ] array (
  'accept-language' => 'zh-CN,zh;q=0.9,en;q=0.8',
  'accept-encoding' => 'gzip, deflate',
  'referer' => 'http://www.xiaofang.com/',
  'accept' => 'text/html,application/xhtml+xml,application/xml;q=0.9,image/webp,image/apng,*/*;q=0.8,application/signed-exchange;v=b3',
  'user-agent' => 'Mozilla/5.0 (Windows NT 10.0; Win64; x64) AppleWebKit/537.36 (KHTML, like Gecko) Chrome/75.0.3770.142 Safari/537.36',
  'upgrade-insecure-requests' => '1',
  'cache-control' => 'max-age=0',
  'connection' => 'close',
  'host' => 'www.xiaofang.com',
)
[ info ] [ PARAM ] array (
)
[ info ] [ RUN ] app\index\controller\Index->index[ C:\Users\Administrator\Desktop\jiaoyu\jiaoyu\app\index\controller\Index.php ]
[ info ] [ VIEW ] C:\Users\Administrator\Desktop\jiaoyu\jiaoyu\public/../app/index\view\index\index.html [ array (
) ]
[ info ] [ LOG ] INIT File
[ sql ] [ DB ] CONNECT:[ UseTime:0.002821s ] mysql:host=127.0.0.1;port=3306;dbname=jiaoyu;charset=utf8
[ sql ] [ SQL ] SHOW COLUMNS FROM `tplay_urlconfig` [ RunTime:0.005719s ]
[ sql ] [ SQL ] SELECT `aliases`,`url` FROM `tplay_urlconfig` WHERE  `status` = 1 [ RunTime:0.000411s ]
---------------------------------------------------------------
[ 2019-08-03T09:51:24+08:00 ] 127.0.0.1 GET www.xiaofang.com/
[运行时间：0.044924s] [吞吐率：22.26req/s] [内存消耗：2,360.92kb] [文件加载：51]
[ info ] [ LANG ] C:\Users\Administrator\Desktop\jiaoyu\jiaoyu\thinkphp\lang\zh-cn.php
[ info ] [ DB ] INIT mysql
[ info ] [ ROUTE ] array (
  'type' => 'module',
  'module' => 
  array (
    0 => '',
    1 => NULL,
    2 => NULL,
  ),
)
[ info ] [ HEADER ] array (
  'accept-language' => 'zh-CN,zh;q=0.9,en;q=0.8',
  'accept-encoding' => 'gzip, deflate',
  'referer' => 'http://www.xiaofang.com/',
  'accept' => 'text/html,application/xhtml+xml,application/xml;q=0.9,image/webp,image/apng,*/*;q=0.8,application/signed-exchange;v=b3',
  'user-agent' => 'Mozilla/5.0 (Windows NT 10.0; Win64; x64) AppleWebKit/537.36 (KHTML, like Gecko) Chrome/75.0.3770.142 Safari/537.36',
  'upgrade-insecure-requests' => '1',
  'cache-control' => 'max-age=0',
  'connection' => 'close',
  'host' => 'www.xiaofang.com',
)
[ info ] [ PARAM ] array (
)
[ info ] [ RUN ] app\index\controller\Index->index[ C:\Users\Administrator\Desktop\jiaoyu\jiaoyu\app\index\controller\Index.php ]
[ info ] [ VIEW ] C:\Users\Administrator\Desktop\jiaoyu\jiaoyu\public/../app/index\view\index\index.html [ array (
) ]
[ info ] [ LOG ] INIT File
[ sql ] [ DB ] CONNECT:[ UseTime:0.011749s ] mysql:host=127.0.0.1;port=3306;dbname=jiaoyu;charset=utf8
[ sql ] [ SQL ] SHOW COLUMNS FROM `tplay_urlconfig` [ RunTime:0.005878s ]
[ sql ] [ SQL ] SELECT `aliases`,`url` FROM `tplay_urlconfig` WHERE  `status` = 1 [ RunTime:0.000532s ]
---------------------------------------------------------------
[ 2019-08-03T09:51:27+08:00 ] 127.0.0.1 POST www.xiaofang.com/index/zixun/add.shtml
[运行时间：0.039538s] [吞吐率：25.29req/s] [内存消耗：2,408.93kb] [文件加载：53]
[ info ] [ LANG ] C:\Users\Administrator\Desktop\jiaoyu\jiaoyu\thinkphp\lang\zh-cn.php
[ info ] [ DB ] INIT mysql
[ info ] [ ROUTE ] array (
  'type' => 'module',
  'module' => 
  array (
    0 => 'index',
    1 => 'zixun',
    2 => 'add',
  ),
)
[ info ] [ HEADER ] array (
  'accept-language' => 'zh-CN,zh;q=0.9,en;q=0.8',
  'accept-encoding' => 'gzip, deflate',
  'referer' => 'http://www.xiaofang.com/',
  'content-type' => 'application/x-www-form-urlencoded; charset=UTF-8',
  'user-agent' => 'Mozilla/5.0 (Windows NT 10.0; Win64; x64) AppleWebKit/537.36 (KHTML, like Gecko) Chrome/75.0.3770.142 Safari/537.36',
  'x-requested-with' => 'XMLHttpRequest',
  'origin' => 'http://www.xiaofang.com',
  'accept' => '*/*',
  'content-length' => '10',
  'connection' => 'close',
  'host' => 'www.xiaofang.com',
)
[ info ] [ PARAM ] array (
  'name' => '',
  'tel' => '',
)
[ info ] [ RUN ] app\index\controller\Zixun->add[ C:\Users\Administrator\Desktop\jiaoyu\jiaoyu\app\index\controller\Zixun.php ]
[ info ] [ LOG ] INIT File
[ sql ] [ DB ] CONNECT:[ UseTime:0.010912s ] mysql:host=127.0.0.1;port=3306;dbname=jiaoyu;charset=utf8
[ sql ] [ SQL ] SHOW COLUMNS FROM `tplay_urlconfig` [ RunTime:0.006179s ]
[ sql ] [ SQL ] SELECT `aliases`,`url` FROM `tplay_urlconfig` WHERE  `status` = 1 [ RunTime:0.000316s ]
---------------------------------------------------------------
[ 2019-08-03T09:51:29+08:00 ] 127.0.0.1 GET www.xiaofang.com/
[运行时间：0.040116s] [吞吐率：24.93req/s] [内存消耗：2,360.92kb] [文件加载：51]
[ info ] [ LANG ] C:\Users\Administrator\Desktop\jiaoyu\jiaoyu\thinkphp\lang\zh-cn.php
[ info ] [ DB ] INIT mysql
[ info ] [ ROUTE ] array (
  'type' => 'module',
  'module' => 
  array (
    0 => '',
    1 => NULL,
    2 => NULL,
  ),
)
[ info ] [ HEADER ] array (
  'accept-language' => 'zh-CN,zh;q=0.9,en;q=0.8',
  'accept-encoding' => 'gzip, deflate',
  'referer' => 'http://www.xiaofang.com/',
  'accept' => 'text/html,application/xhtml+xml,application/xml;q=0.9,image/webp,image/apng,*/*;q=0.8,application/signed-exchange;v=b3',
  'user-agent' => 'Mozilla/5.0 (Windows NT 10.0; Win64; x64) AppleWebKit/537.36 (KHTML, like Gecko) Chrome/75.0.3770.142 Safari/537.36',
  'upgrade-insecure-requests' => '1',
  'cache-control' => 'max-age=0',
  'connection' => 'close',
  'host' => 'www.xiaofang.com',
)
[ info ] [ PARAM ] array (
)
[ info ] [ RUN ] app\index\controller\Index->index[ C:\Users\Administrator\Desktop\jiaoyu\jiaoyu\app\index\controller\Index.php ]
[ info ] [ VIEW ] C:\Users\Administrator\Desktop\jiaoyu\jiaoyu\public/../app/index\view\index\index.html [ array (
) ]
[ info ] [ LOG ] INIT File
[ sql ] [ DB ] CONNECT:[ UseTime:0.011509s ] mysql:host=127.0.0.1;port=3306;dbname=jiaoyu;charset=utf8
[ sql ] [ SQL ] SHOW COLUMNS FROM `tplay_urlconfig` [ RunTime:0.006023s ]
[ sql ] [ SQL ] SELECT `aliases`,`url` FROM `tplay_urlconfig` WHERE  `status` = 1 [ RunTime:0.000405s ]
---------------------------------------------------------------
[ 2019-08-03T09:52:55+08:00 ] 127.0.0.1 GET www.xiaofang.com/
[运行时间：0.043167s] [吞吐率：23.17req/s] [内存消耗：2,582.77kb] [文件加载：53]
[ info ] [ LANG ] C:\Users\Administrator\Desktop\jiaoyu\jiaoyu\thinkphp\lang\zh-cn.php
[ info ] [ DB ] INIT mysql
[ info ] [ ROUTE ] array (
  'type' => 'module',
  'module' => 
  array (
    0 => '',
    1 => NULL,
    2 => NULL,
  ),
)
[ info ] [ HEADER ] array (
  'accept-language' => 'zh-CN,zh;q=0.9,en;q=0.8',
  'accept-encoding' => 'gzip, deflate',
  'referer' => 'http://www.xiaofang.com/',
  'accept' => 'text/html,application/xhtml+xml,application/xml;q=0.9,image/webp,image/apng,*/*;q=0.8,application/signed-exchange;v=b3',
  'user-agent' => 'Mozilla/5.0 (Windows NT 10.0; Win64; x64) AppleWebKit/537.36 (KHTML, like Gecko) Chrome/75.0.3770.142 Safari/537.36',
  'upgrade-insecure-requests' => '1',
  'cache-control' => 'max-age=0',
  'connection' => 'close',
  'host' => 'www.xiaofang.com',
)
[ info ] [ PARAM ] array (
)
[ info ] [ RUN ] app\index\controller\Index->index[ C:\Users\Administrator\Desktop\jiaoyu\jiaoyu\app\index\controller\Index.php ]
[ info ] [ VIEW ] C:\Users\Administrator\Desktop\jiaoyu\jiaoyu\public/../app/index\view\index\index.html [ array (
) ]
[ info ] [ LOG ] INIT File
[ sql ] [ DB ] CONNECT:[ UseTime:0.011228s ] mysql:host=127.0.0.1;port=3306;dbname=jiaoyu;charset=utf8
[ sql ] [ SQL ] SHOW COLUMNS FROM `tplay_urlconfig` [ RunTime:0.007185s ]
[ sql ] [ SQL ] SELECT `aliases`,`url` FROM `tplay_urlconfig` WHERE  `status` = 1 [ RunTime:0.001067s ]
---------------------------------------------------------------
[ 2019-08-03T09:52:59+08:00 ] 127.0.0.1 POST www.xiaofang.com/index/zixun/add.shtml
[运行时间：0.638618s] [吞吐率：1.57req/s] [内存消耗：2,423.98kb] [文件加载：54]
[ info ] [ LANG ] C:\Users\Administrator\Desktop\jiaoyu\jiaoyu\thinkphp\lang\zh-cn.php
[ info ] [ DB ] INIT mysql
[ info ] [ ROUTE ] array (
  'type' => 'module',
  'module' => 
  array (
    0 => 'index',
    1 => 'zixun',
    2 => 'add',
  ),
)
[ info ] [ HEADER ] array (
  'accept-language' => 'zh-CN,zh;q=0.9,en;q=0.8',
  'accept-encoding' => 'gzip, deflate',
  'referer' => 'http://www.xiaofang.com/',
  'content-type' => 'application/x-www-form-urlencoded; charset=UTF-8',
  'user-agent' => 'Mozilla/5.0 (Windows NT 10.0; Win64; x64) AppleWebKit/537.36 (KHTML, like Gecko) Chrome/75.0.3770.142 Safari/537.36',
  'x-requested-with' => 'XMLHttpRequest',
  'origin' => 'http://www.xiaofang.com',
  'accept' => '*/*',
  'content-length' => '24',
  'connection' => 'close',
  'host' => 'www.xiaofang.com',
)
[ info ] [ PARAM ] array (
  'tel' => '15030173200',
  'name' => '123',
)
[ info ] [ RUN ] app\index\controller\Zixun->add[ C:\Users\Administrator\Desktop\jiaoyu\jiaoyu\app\index\controller\Zixun.php ]
[ info ] [ LOG ] INIT File
[ sql ] [ DB ] CONNECT:[ UseTime:0.010507s ] mysql:host=127.0.0.1;port=3306;dbname=jiaoyu;charset=utf8
[ sql ] [ SQL ] SHOW COLUMNS FROM `tplay_urlconfig` [ RunTime:0.006872s ]
[ sql ] [ SQL ] SELECT `aliases`,`url` FROM `tplay_urlconfig` WHERE  `status` = 1 [ RunTime:0.000401s ]
[ sql ] [ SQL ] SHOW COLUMNS FROM `tplay_zixuns` [ RunTime:0.106369s ]
[ sql ] [ SQL ] INSERT INTO `tplay_zixuns` (`tel` , `name` , `create_time`) VALUES ('15030173200' , '123' , 1564797178) [ RunTime:0.029674s ]
---------------------------------------------------------------
[ 2019-08-03T09:53:01+08:00 ] 127.0.0.1 GET www.xiaofang.com/
[运行时间：0.043858s] [吞吐率：22.80req/s] [内存消耗：2,361.30kb] [文件加载：51]
[ info ] [ LANG ] C:\Users\Administrator\Desktop\jiaoyu\jiaoyu\thinkphp\lang\zh-cn.php
[ info ] [ DB ] INIT mysql
[ info ] [ ROUTE ] array (
  'type' => 'module',
  'module' => 
  array (
    0 => '',
    1 => NULL,
    2 => NULL,
  ),
)
[ info ] [ HEADER ] array (
  'accept-language' => 'zh-CN,zh;q=0.9,en;q=0.8',
  'accept-encoding' => 'gzip, deflate',
  'referer' => 'http://www.xiaofang.com/',
  'accept' => 'text/html,application/xhtml+xml,application/xml;q=0.9,image/webp,image/apng,*/*;q=0.8,application/signed-exchange;v=b3',
  'user-agent' => 'Mozilla/5.0 (Windows NT 10.0; Win64; x64) AppleWebKit/537.36 (KHTML, like Gecko) Chrome/75.0.3770.142 Safari/537.36',
  'upgrade-insecure-requests' => '1',
  'cache-control' => 'max-age=0',
  'connection' => 'close',
  'host' => 'www.xiaofang.com',
)
[ info ] [ PARAM ] array (
)
[ info ] [ RUN ] app\index\controller\Index->index[ C:\Users\Administrator\Desktop\jiaoyu\jiaoyu\app\index\controller\Index.php ]
[ info ] [ VIEW ] C:\Users\Administrator\Desktop\jiaoyu\jiaoyu\public/../app/index\view\index\index.html [ array (
) ]
[ info ] [ LOG ] INIT File
[ sql ] [ DB ] CONNECT:[ UseTime:0.012317s ] mysql:host=127.0.0.1;port=3306;dbname=jiaoyu;charset=utf8
[ sql ] [ SQL ] SHOW COLUMNS FROM `tplay_urlconfig` [ RunTime:0.007198s ]
[ sql ] [ SQL ] SELECT `aliases`,`url` FROM `tplay_urlconfig` WHERE  `status` = 1 [ RunTime:0.000344s ]
